[
  {
    "event_id": "4205",
    "log": "Applications and Servers->Microsoft->Windows->NLAsvc",
    "source": "Nlasvc",
    "category": "Network Location Awareness",
    "subcategory": "Gateway Resolution",
    "description": "Gateway resolution failed on interface for xx with error ...",
    "sample": "Log Name:      Microsoft-Windows-NlaSvc/Operational\nSource:        Microsoft-Windows-NlaSvc\nEvent ID:      4205\nTask Category: Gateway Resolution\nLevel:         Warning\nComputer:      WKS-0142.corp.local\nDescription:\nGateway resolution failed on interface {4d36e972-e325-11ce-bfc1-08002be10318} for gateway address 10.20.40.1 with error 0x51.",
    "reference": "",
    "how_to_collect": "",
    "sample_type": "illustrative",
    "mitre_techniques": ""
  },
  {
    "event_id": "4343",
    "log": "Applications and Servers->Microsoft->Windows->NLAsvc",
    "source": "Nlasvc",
    "category": "Network Location Awareness",
    "subcategory": "LDAP Authentication",
    "description": "LDAP Authentication on interface failed",
    "sample": "Log Name:      Microsoft-Windows-NlaSvc/Operational\nSource:        Microsoft-Windows-NlaSvc\nEvent ID:      4343\nTask Category: LDAP Authentication\nLevel:         Warning\nComputer:      WKS-0142.corp.local\nDescription:\nLDAP Authentication on interface {4d36e972-e325-11ce-bfc1-08002be10318} failed against domain controller DC01.corp.local.",
    "reference": "",
    "how_to_collect": "",
    "sample_type": "illustrative",
    "mitre_techniques": ""
  },
  {
    "event_id": "70",
    "log": "Microsoft-Windows-DHCP-Server",
    "source": "DHCP-Server",
    "category": "DHCP",
    "subcategory": "",
    "description": "Scope xxx for ipv4 is configured by xxx",
    "sample": "Log Name:      Microsoft-Windows-DHCP-Server/Admin\nSource:        Microsoft-Windows-DHCP-Server\nEvent ID:      70\nTask Category: None\nLevel:         Information\nComputer:      DHCP01.corp.local\nDescription:\nScope 10.20.30.0 for ipv4 is configured by CORP\\admin.jsmith.",
    "reference": "Configure",
    "how_to_collect": "",
    "sample_type": "illustrative",
    "mitre_techniques": ""
  },
  {
    "event_id": "72",
    "log": "Microsoft-Windows-DHCP-Server",
    "source": "DHCP-Server",
    "category": "DHCP",
    "subcategory": "",
    "description": "Scope xxx for ipv4 is deleted by xxx",
    "sample": "Log Name:      Microsoft-Windows-DHCP-Server/Admin\nSource:        Microsoft-Windows-DHCP-Server\nEvent ID:      72\nTask Category: None\nLevel:         Information\nComputer:      DHCP01.corp.local\nDescription:\nScope 10.20.30.0 for ipv4 is deleted by CORP\\admin.jsmith.",
    "reference": "Configure",
    "how_to_collect": "",
    "sample_type": "illustrative",
    "mitre_techniques": ""
  },
  {
    "event_id": "73",
    "log": "Microsoft-Windows-DHCP-Server",
    "source": "DHCP-Server",
    "category": "DHCP",
    "subcategory": "",
    "description": "Scope xxx for ipv4 is activated by xxx",
    "sample": "Log Name:      Microsoft-Windows-DHCP-Server/Admin\nSource:        Microsoft-Windows-DHCP-Server\nEvent ID:      73\nTask Category: None\nLevel:         Information\nComputer:      DHCP01.corp.local\nDescription:\nScope 10.20.30.0 for ipv4 is activated by CORP\\admin.jsmith.",
    "reference": "Configure",
    "how_to_collect": "",
    "sample_type": "illustrative",
    "mitre_techniques": ""
  },
  {
    "event_id": "74",
    "log": "Microsoft-Windows-DHCP-Server",
    "source": "DHCP-Server",
    "category": "DHCP",
    "subcategory": "",
    "description": "Scope xxx for ipv4 is deactivated by xxx",
    "sample": "Log Name:      Microsoft-Windows-DHCP-Server/Admin\nSource:        Microsoft-Windows-DHCP-Server\nEvent ID:      74\nTask Category: None\nLevel:         Information\nComputer:      DHCP01.corp.local\nDescription:\nScope 10.20.30.0 for ipv4 is deactivated by CORP\\admin.jsmith.",
    "reference": "Configure",
    "how_to_collect": "",
    "sample_type": "illustrative",
    "mitre_techniques": ""
  },
  {
    "event_id": "75",
    "log": "Microsoft-Windows-DHCP-Server",
    "source": "DHCP-Server",
    "category": "DHCP",
    "subcategory": "",
    "description": "Scope xxx for ipv4 is updated with lease duration xxx seconds by xxx",
    "sample": "Log Name:      Microsoft-Windows-DHCP-Server/Admin\nSource:        Microsoft-Windows-DHCP-Server\nEvent ID:      75\nTask Category: None\nLevel:         Information\nComputer:      DHCP01.corp.local\nDescription:\nScope 10.20.30.0 for ipv4 is updated with lease duration 691200 seconds by CORP\\admin.jsmith.",
    "reference": "Configure",
    "how_to_collect": "",
    "sample_type": "illustrative",
    "mitre_techniques": ""
  },
  {
    "event_id": "76",
    "log": "Microsoft-Windows-DHCP-Server",
    "source": "DHCP-Server",
    "category": "DHCP",
    "subcategory": "",
    "description": "Scope xxx for ipv4 is updated with option setting xx by xxx",
    "sample": "Log Name:      Microsoft-Windows-DHCP-Server/Admin\nSource:        Microsoft-Windows-DHCP-Server\nEvent ID:      76\nTask Category: None\nLevel:         Information\nComputer:      DHCP01.corp.local\nDescription:\nScope 10.20.30.0 for ipv4 is updated with option setting 006 (DNS Servers) by CORP\\admin.jsmith.",
    "reference": "Configure",
    "how_to_collect": "",
    "sample_type": "illustrative",
    "mitre_techniques": ""
  },
  {
    "event_id": "89",
    "log": "Microsoft-Windows-DHCP-Server",
    "source": "DHCP-Server",
    "category": "DHCP",
    "subcategory": "",
    "description": "Scope ... for ipv4 is updated with support type...by....The previous configuration state was : ...",
    "sample": "Log Name:      Microsoft-Windows-DHCP-Server/Admin\nSource:        Microsoft-Windows-DHCP-Server\nEvent ID:      89\nTask Category: None\nLevel:         Information\nComputer:      DHCP01.corp.local\nDescription:\nScope 10.20.30.0 for ipv4 is updated with support type DHCPv4 by CORP\\admin.jsmith. The previous configuration state was: Disabled.",
    "reference": "",
    "how_to_collect": "",
    "sample_type": "illustrative",
    "mitre_techniques": ""
  },
  {
    "event_id": "106",
    "log": "Microsoft-Windows-DHCP-Server",
    "source": "DHCP-Server",
    "category": "DHCP",
    "subcategory": "",
    "description": "Reservation xxx for ipv4 is configured under scope xxx by xxx",
    "sample": "Log Name:      Microsoft-Windows-DHCP-Server/Admin\nSource:        Microsoft-Windows-DHCP-Server\nEvent ID:      106\nTask Category: None\nLevel:         Information\nComputer:      DHCP01.corp.local\nDescription:\nReservation 10.20.30.50 for ipv4 is configured under scope 10.20.30.0 by CORP\\admin.jsmith.",
    "reference": "Configure",
    "how_to_collect": "",
    "sample_type": "illustrative",
    "mitre_techniques": ""
  },
  {
    "event_id": "107",
    "log": "Microsoft-Windows-DHCP-Server",
    "source": "DHCP-Server",
    "category": "DHCP",
    "subcategory": "",
    "description": "Reservation xxx for ipv4 is deleted under scope xxx by xxx",
    "sample": "Log Name:      Microsoft-Windows-DHCP-Server/Admin\nSource:        Microsoft-Windows-DHCP-Server\nEvent ID:      107\nTask Category: None\nLevel:         Information\nComputer:      DHCP01.corp.local\nDescription:\nReservation 10.20.30.50 for ipv4 is deleted under scope 10.20.30.0 by CORP\\admin.jsmith.",
    "reference": "Configure",
    "how_to_collect": "",
    "sample_type": "illustrative",
    "mitre_techniques": ""
  },
  {
    "event_id": "108",
    "log": "Microsoft-Windows-DHCP-Server",
    "source": "DHCP-Server",
    "category": "DHCP",
    "subcategory": "",
    "description": "Reservation xxx for ipv4 under scope xxx is enabled for dns dynamic updates by xxx",
    "sample": "Log Name:      Microsoft-Windows-DHCP-Server/Admin\nSource:        Microsoft-Windows-DHCP-Server\nEvent ID:      108\nTask Category: None\nLevel:         Information\nComputer:      DHCP01.corp.local\nDescription:\nReservation 10.20.30.50 for ipv4 under scope 10.20.30.0 is enabled for DNS dynamic updates by CORP\\admin.jsmith.",
    "reference": "Configure",
    "how_to_collect": "",
    "sample_type": "illustrative",
    "mitre_techniques": ""
  },
  {
    "event_id": "119",
    "log": "Microsoft-Windows-DHCP-Server",
    "source": "DHCP-Server",
    "category": "DHCP",
    "subcategory": "",
    "description": "Added exclusion ip address range xxx in the address pool for ipv4 under scope xxx by xxx",
    "sample": "Log Name:      Microsoft-Windows-DHCP-Server/Admin\nSource:        Microsoft-Windows-DHCP-Server\nEvent ID:      119\nTask Category: None\nLevel:         Information\nComputer:      DHCP01.corp.local\nDescription:\nAdded exclusion IP address range 10.20.30.240-10.20.30.254 in the address pool for ipv4 under scope 10.20.30.0 by CORP\\admin.jsmith.",
    "reference": "Configure",
    "how_to_collect": "",
    "sample_type": "illustrative",
    "mitre_techniques": ""
  },
  {
    "event_id": "20221",
    "log": "Microsoft-Windows-DHCP-Server",
    "source": "DHCP-Server",
    "category": "DHCP",
    "subcategory": "Policy",
    "description": "Description of Scope ....policy...was set to ... for ...",
    "sample": "Log Name:      Microsoft-Windows-DHCP-Server/Admin\nSource:        Microsoft-Windows-DHCP-Server\nEvent ID:      20221\nTask Category: Policy\nLevel:         Information\nComputer:      DHCP01.corp.local\nDescription:\nDescription of Scope 10.20.30.0 policy Voip-Phones was set to 'Priority policy for VoIP handsets' for ipv4.",
    "reference": "",
    "how_to_collect": "",
    "sample_type": "illustrative",
    "mitre_techniques": ""
  },
  {
    "event_id": "20223",
    "log": "Microsoft-Windows-DHCP-Server",
    "source": "DHCP-Server",
    "category": "DHCP",
    "subcategory": "Policy",
    "description": "The conditions for scope...policy...have been set to.....The conditions are grouped by logical operator OR",
    "sample": "Log Name:      Microsoft-Windows-DHCP-Server/Admin\nSource:        Microsoft-Windows-DHCP-Server\nEvent ID:      20223\nTask Category: Policy\nLevel:         Information\nComputer:      DHCP01.corp.local\nDescription:\nThe conditions for scope 10.20.30.0 policy Voip-Phones have been set to Vendor Class = 'Cisco Systems, Inc. IP Phone'. The conditions are grouped by logical operator OR.",
    "reference": "",
    "how_to_collect": "",
    "sample_type": "illustrative",
    "mitre_techniques": ""
  },
  {
    "event_id": "20227",
    "log": "Microsoft-Windows-DHCP-Server",
    "source": "DHCP-Server",
    "category": "DHCP",
    "subcategory": "Policy",
    "description": "Policy default ... was deleted from scope",
    "sample": "Log Name:      Microsoft-Windows-DHCP-Server/Admin\nSource:        Microsoft-Windows-DHCP-Server\nEvent ID:      20227\nTask Category: Policy\nLevel:         Information\nComputer:      DHCP01.corp.local\nDescription:\nPolicy default Voip-Phones was deleted from scope 10.20.30.0.",
    "reference": "",
    "how_to_collect": "",
    "sample_type": "illustrative",
    "mitre_techniques": ""
  },
  {
    "event_id": "20237",
    "log": "Microsoft-Windows-DHCP-Server",
    "source": "DHCP-Server",
    "category": "DHCP",
    "subcategory": "Policy",
    "description": "Description of scope...policy...was set to....",
    "sample": "Log Name:      Microsoft-Windows-DHCP-Server/Admin\nSource:        Microsoft-Windows-DHCP-Server\nEvent ID:      20237\nTask Category: Policy\nLevel:         Information\nComputer:      DHCP01.corp.local\nDescription:\nDescription of scope 10.20.30.0 policy Voip-Phones was set to 'Updated VoIP handset policy'.",
    "reference": "",
    "how_to_collect": "",
    "sample_type": "illustrative",
    "mitre_techniques": ""
  },
  {
    "event_id": "20239",
    "log": "Microsoft-Windows-DHCP-Server",
    "source": "DHCP-Server",
    "category": "DHCP",
    "subcategory": "Policy",
    "description": "Processing order of scope...policy was changed to..from..",
    "sample": "Log Name:      Microsoft-Windows-DHCP-Server/Admin\nSource:        Microsoft-Windows-DHCP-Server\nEvent ID:      20239\nTask Category: Policy\nLevel:         Information\nComputer:      DHCP01.corp.local\nDescription:\nProcessing order of scope 10.20.30.0 policy Voip-Phones was changed to 1 from 3.",
    "reference": "",
    "how_to_collect": "",
    "sample_type": "illustrative",
    "mitre_techniques": ""
  },
  {
    "event_id": "20243",
    "log": "Microsoft-Windows-DHCP-Server",
    "source": "DHCP-Server",
    "category": "DHCP",
    "subcategory": "DHCP Failover",
    "description": "Scope xxx has been added to the failover relationship",
    "sample": "Log Name:      Microsoft-Windows-DHCP-Server/Admin\nSource:        Microsoft-Windows-DHCP-Server\nEvent ID:      20243\nTask Category: DHCP Failover\nLevel:         Information\nComputer:      DHCP01.corp.local\nDescription:\nScope 10.20.30.0 has been added to the failover relationship DHCP01-DHCP02-Failover.",
    "reference": "Configure",
    "how_to_collect": "",
    "sample_type": "illustrative",
    "mitre_techniques": ""
  },
  {
    "event_id": "20244",
    "log": "Microsoft-Windows-DHCP-Server",
    "source": "DHCP-Server",
    "category": "DHCP",
    "subcategory": "DHCP Failover",
    "description": "Scope xxx has been removed from the failover relationship",
    "sample": "Log Name:      Microsoft-Windows-DHCP-Server/Admin\nSource:        Microsoft-Windows-DHCP-Server\nEvent ID:      20244\nTask Category: DHCP Failover\nLevel:         Information\nComputer:      DHCP01.corp.local\nDescription:\nScope 10.20.30.0 has been removed from the failover relationship DHCP01-DHCP02-Failover.",
    "reference": "Configure",
    "how_to_collect": "",
    "sample_type": "illustrative",
    "mitre_techniques": ""
  },
  {
    "event_id": "20287",
    "log": "Microsoft-Windows-DHCP-Server",
    "source": "DHCP-Server",
    "category": "DHCP",
    "subcategory": "",
    "description": "DHCP client request from xxx was dropped since the last applicable ip ranges in scope xxx are out of available addresses",
    "sample": "Log Name:      Microsoft-Windows-DHCP-Server/Admin\nSource:        Microsoft-Windows-DHCP-Server\nEvent ID:      20287\nTask Category: None\nLevel:         Information\nComputer:      DHCP01.corp.local\nDescription:\nDHCP client request from 00-15-5D-01-CA-3F was dropped since the last applicable IP ranges in scope 10.20.30.0 are out of available addresses.",
    "reference": "Configure",
    "how_to_collect": "",
    "sample_type": "illustrative",
    "mitre_techniques": ""
  },
  {
    "event_id": "20291",
    "log": "Microsoft-Windows-DHCP-Server",
    "source": "DHCP-Server",
    "category": "DHCP",
    "subcategory": "DHCP-Failover",
    "description": "A Binding-ACK message with transaction..was sent for IP address...with reject reason...to partner server...for failover relationship",
    "sample": "Log Name:      Microsoft-Windows-DHCP-Server/Admin\nSource:        Microsoft-Windows-DHCP-Server\nEvent ID:      20291\nTask Category: DHCP-Failover\nLevel:         Information\nComputer:      DHCP01.corp.local\nDescription:\nA Binding-ACK message with transaction ID 0x4F2A1 was sent for IP address 10.20.30.87 with reject reason NONE to partner server DHCP02.corp.local for failover relationship DHCP01-DHCP02-Failover.",
    "reference": "",
    "how_to_collect": "",
    "sample_type": "illustrative",
    "mitre_techniques": ""
  },
  {
    "event_id": "20292",
    "log": "Microsoft-Windows-DHCP-Server",
    "source": "DHCP-Server",
    "category": "DHCP",
    "subcategory": "DHCP-Failover",
    "description": "A Binding-ACK message with transaction..was received for IP address...with reject reason...from partner server...for failover relationship",
    "sample": "Log Name:      Microsoft-Windows-DHCP-Server/Admin\nSource:        Microsoft-Windows-DHCP-Server\nEvent ID:      20292\nTask Category: DHCP-Failover\nLevel:         Information\nComputer:      DHCP01.corp.local\nDescription:\nA Binding-ACK message with transaction ID 0x4F2A1 was received for IP address 10.20.30.87 with reject reason NONE from partner server DHCP01.corp.local for failover relationship DHCP01-DHCP02-Failover.",
    "reference": "",
    "how_to_collect": "",
    "sample_type": "illustrative",
    "mitre_techniques": ""
  },
  {
    "event_id": "20315",
    "log": "Microsoft-Windows-DHCP-Server",
    "source": "DHCP-Server",
    "category": "DHCP",
    "subcategory": "Policy",
    "description": "DNSSuffix of scope...policy...was set to",
    "sample": "Log Name:      Microsoft-Windows-DHCP-Server/Admin\nSource:        Microsoft-Windows-DHCP-Server\nEvent ID:      20315\nTask Category: Policy\nLevel:         Information\nComputer:      DHCP01.corp.local\nDescription:\nDNSSuffix of scope 10.20.30.0 policy Voip-Phones was set to corp.local.",
    "reference": "",
    "how_to_collect": "",
    "sample_type": "illustrative",
    "mitre_techniques": ""
  },
  {
    "event_id": "2003",
    "log": "Microsoft-Windows-DriverFrameworks-UserMode/Operational",
    "source": "Microsoft Windows Security Auditing",
    "category": "Removable Media / Device (PNP)",
    "subcategory": "Removable Storage device.",
    "description": "Failure read or write to removeable media",
    "sample": "Log Name:      Microsoft-Windows-DriverFrameworks-UserMode/Operational\nSource:        Microsoft-Windows-DriverFrameworks-UserMode\nEvent ID:      2003\nLevel:         Information\nComputer:      WKS-0142.corp.local\nDescription:\nFailed to read or write to removable media on device \\Device\\HarddiskVolume7 (USB Mass Storage Device).",
    "reference": "",
    "how_to_collect": "Audit Removable Storage",
    "sample_type": "illustrative",
    "mitre_techniques": ""
  },
  {
    "event_id": "2004",
    "log": "Microsoft-Windows-DriverFrameworks-UserMode/Operational",
    "source": "Microsoft Windows Security Auditing",
    "category": "Removable Media / Device (PNP)",
    "subcategory": "Removable Storage device.",
    "description": "The UMDF Host is loading Driver",
    "sample": "Log Name:      Microsoft-Windows-DriverFrameworks-UserMode/Operational\nSource:        Microsoft-Windows-DriverFrameworks-UserMode\nEvent ID:      2004\nLevel:         Information\nComputer:      WKS-0142.corp.local\nDescription:\nThe UMDF Host is loading Driver \"WUDFRd\" for Device Instance ID \"USBSTOR\\Disk&Ven_SanDisk&Prod_Cruzer&Rev_1.00\\4C531001234567890123&0\".",
    "reference": "",
    "how_to_collect": "Audit Removable Storage",
    "sample_type": "illustrative",
    "mitre_techniques": ""
  },
  {
    "event_id": "2005",
    "log": "Microsoft-Windows-DriverFrameworks-UserMode/Operational",
    "source": "Microsoft Windows Security Auditing",
    "category": "Removable Media / Device (PNP)",
    "subcategory": "Removable Storage device.",
    "description": "The UMDF Host Process..has loaded module",
    "sample": "Log Name:      Microsoft-Windows-DriverFrameworks-UserMode/Operational\nSource:        Microsoft-Windows-DriverFrameworks-UserMode\nEvent ID:      2005\nLevel:         Information\nComputer:      WKS-0142.corp.local\nDescription:\nThe UMDF Host Process \"C:\\Windows\\System32\\WUDFHost.exe\" has loaded module \"WUDFRd.dll\".",
    "reference": "",
    "how_to_collect": "Audit Removable Storage",
    "sample_type": "illustrative",
    "mitre_techniques": ""
  },
  {
    "event_id": "2010",
    "log": "Microsoft-Windows-DriverFrameworks-UserMode/Operational",
    "source": "Microsoft Windows Security Auditing",
    "category": "Removable Media / Device (PNP)",
    "subcategory": "Removable Storage device.",
    "description": "Failure read or write to removeable media",
    "sample": "Log Name:      Microsoft-Windows-DriverFrameworks-UserMode/Operational\nSource:        Microsoft-Windows-DriverFrameworks-UserMode\nEvent ID:      2010\nLevel:         Information\nComputer:      WKS-0142.corp.local\nDescription:\nFailed to read or write to removable media on device \\Device\\HarddiskVolume7 (USB Mass Storage Device).",
    "reference": "",
    "how_to_collect": "Audit Removable Storage",
    "sample_type": "illustrative",
    "mitre_techniques": ""
  },
  {
    "event_id": "2100",
    "log": "Microsoft-Windows-DriverFrameworks-UserMode/Operational",
    "source": "Microsoft Windows Security Auditing",
    "category": "Removable Media / Device (PNP)",
    "subcategory": "Removable Storage device.",
    "description": "Received a PNP or Power Operation",
    "sample": "Log Name:      Microsoft-Windows-DriverFrameworks-UserMode/Operational\nSource:        Microsoft-Windows-DriverFrameworks-UserMode\nEvent ID:      2100\nLevel:         Information\nComputer:      WKS-0142.corp.local\nDescription:\nReceived a PNP or Power Operation \"IRP_MN_START_DEVICE\" for Device Instance ID \"USBSTOR\\Disk&Ven_SanDisk&Prod_Cruzer&Rev_1.00\\4C531001234567890123&0\".",
    "reference": "",
    "how_to_collect": "Audit Removable Storage",
    "sample_type": "illustrative",
    "mitre_techniques": ""
  },
  {
    "event_id": "2105",
    "log": "Microsoft-Windows-DriverFrameworks-UserMode/Operational",
    "source": "Microsoft Windows Security Auditing",
    "category": "Removable Media / Device (PNP)",
    "subcategory": "Removable Storage device.",
    "description": "Forwarded a PNP or Power Operation",
    "sample": "Log Name:      Microsoft-Windows-DriverFrameworks-UserMode/Operational\nSource:        Microsoft-Windows-DriverFrameworks-UserMode\nEvent ID:      2105\nLevel:         Information\nComputer:      WKS-0142.corp.local\nDescription:\nForwarded a PNP or Power Operation \"IRP_MN_START_DEVICE\" for Device Instance ID \"USBSTOR\\Disk&Ven_SanDisk&Prod_Cruzer&Rev_1.00\\4C531001234567890123&0\".",
    "reference": "",
    "how_to_collect": "Audit Removable Storage",
    "sample_type": "illustrative",
    "mitre_techniques": ""
  },
  {
    "event_id": "2106",
    "log": "Microsoft-Windows-DriverFrameworks-UserMode/Operational",
    "source": "Microsoft Windows Security Auditing",
    "category": "Removable Media / Device (PNP)",
    "subcategory": "Removable Storage device.",
    "description": "Received a PNP or Power Operation",
    "sample": "Log Name:      Microsoft-Windows-DriverFrameworks-UserMode/Operational\nSource:        Microsoft-Windows-DriverFrameworks-UserMode\nEvent ID:      2106\nLevel:         Information\nComputer:      WKS-0142.corp.local\nDescription:\nReceived a PNP or Power Operation \"IRP_MN_QUERY_REMOVE_DEVICE\" for Device Instance ID \"USBSTOR\\Disk&Ven_SanDisk&Prod_Cruzer&Rev_1.00\\4C531001234567890123&0\".",
    "reference": "",
    "how_to_collect": "Audit Removable Storage",
    "sample_type": "illustrative",
    "mitre_techniques": ""
  },
  {
    "event_id": "21",
    "log": "Microsoft-Windows-TerminalServices-LocalSessionManager/Operational",
    "source": "Microsoft-Windows-TerminalServices-LocalSessionManager",
    "category": "Remote Desktop Services / Terminal Services Session",
    "subcategory": "",
    "description": "Session logon succeeded",
    "sample": "```\nRemote Desktop Services: Session logon succeeded:\n\nUser: domain\\fred.burgmann\nSession ID: 10\nSource Network Address: 192.168.10.1\n```",
    "reference": "",
    "how_to_collect": "",
    "sample_type": "original",
    "mitre_techniques": ""
  },
  {
    "event_id": "23",
    "log": "Microsoft-Windows-TerminalServices-LocalSessionManager/Operational",
    "source": "Microsoft-Windows-TerminalServices-LocalSessionManager",
    "category": "Remote Desktop Services / Terminal Services Session",
    "subcategory": "",
    "description": "Session logoff succeeded",
    "sample": "```\nRemote Desktop Services: Session logoff succeeded:\n\nUser: domain\\fred.burgmann\nSession ID: 10\n```",
    "reference": "",
    "how_to_collect": "",
    "sample_type": "original",
    "mitre_techniques": ""
  },
  {
    "event_id": "24",
    "log": "Microsoft-Windows-TerminalServices-LocalSessionManager/Operational",
    "source": "Microsoft-Windows-TerminalServices-LocalSessionManager",
    "category": "Remote Desktop Services / Terminal Services Session",
    "subcategory": "",
    "description": "Session has been disconnected",
    "sample": "```\nRemote Desktop Services: Session has been disconnected:\n\nUser: domain\\fred.burgmann\nSession ID: 10\nSource Network Address: 192.168.10.1\n```",
    "reference": "",
    "how_to_collect": "",
    "sample_type": "original",
    "mitre_techniques": ""
  },
  {
    "event_id": "25",
    "log": "Microsoft-Windows-TerminalServices-LocalSessionManager/Operational",
    "source": "Microsoft-Windows-TerminalServices-LocalSessionManager",
    "category": "Remote Desktop Services / Terminal Services Session",
    "subcategory": "",
    "description": "Session reconnection succeeded",
    "sample": "```\nRemote Desktop Services: Session reconnection succeeded:\n\nUser: domain\\fred.burgmann\nSession ID: 10\nSource Network Address: 192.168.10.1\n```",
    "reference": "",
    "how_to_collect": "",
    "sample_type": "original",
    "mitre_techniques": ""
  },
  {
    "event_id": "40",
    "log": "Microsoft-Windows-TerminalServices-LocalSessionManager/Operational",
    "source": "Microsoft-Windows-TerminalServices-LocalSessionManager",
    "category": "Remote Desktop Services / Terminal Services Session",
    "subcategory": "",
    "description": "Session has been disconnected, with a disconnect reason code (see data/reference/disconnect_reason_codes_event40.csv)",
    "sample": "```\nLog Name:      Microsoft-Windows-TerminalServices-LocalSessionManager/Operational\nSource:        Microsoft-Windows-TerminalServices-LocalSessionManager\nDate:          5/4/2017 10:49:19 AM\nEvent ID:      40\nTask Category: None\nLevel:         Information\nKeywords:     \nUser:          SYSTEM\nComputer:      server-machine\nDescription:\nSession 12 has been disconnected, reason code 5\n```",
    "reference": "",
    "how_to_collect": "",
    "sample_type": "original",
    "mitre_techniques": ""
  },
  {
    "event_id": "4608",
    "log": "Security",
    "source": "Microsoft-Windows-Security-Auditing",
    "category": "System",
    "subcategory": "Audit Security State Change",
    "description": "Windows is starting up.",
    "sample": "Log Name:      Security\nSource:        Microsoft-Windows-Security-Auditing\nEvent ID:      4608\nTask Category: Audit Security State Change\nLevel:         Information\nKeywords:      Audit Success\nUser:          N/A\nComputer:      DC01.corp.local\nDescription:\nWindows is starting up.\n\nSubject:\n\tSecurity ID:\t\tS-1-5-21-3623811015-3361044348-30300820-1105\n\tAccount Name:\t\tadmin.jsmith\n\tAccount Domain:\t\tCORP\n\tLogon ID:\t\t0x3E7F21",
    "reference": "",
    "how_to_collect": "",
    "sample_type": "illustrative",
    "mitre_techniques": ""
  },
  {
    "event_id": "4609",
    "log": "Security",
    "source": "Microsoft-Windows-Security-Auditing",
    "category": "System",
    "subcategory": "Audit Security State Change",
    "description": "Windows is shutting down.",
    "sample": "Log Name:      Security\nSource:        Microsoft-Windows-Security-Auditing\nEvent ID:      4609\nTask Category: Audit Security State Change\nLevel:         Information\nKeywords:      Audit Success\nUser:          N/A\nComputer:      DC01.corp.local\nDescription:\nWindows is shutting down.\n\nSubject:\n\tSecurity ID:\t\tS-1-5-21-3623811015-3361044348-30300820-1105\n\tAccount Name:\t\tadmin.jsmith\n\tAccount Domain:\t\tCORP\n\tLogon ID:\t\t0x3E7F21",
    "reference": "",
    "how_to_collect": "",
    "sample_type": "illustrative",
    "mitre_techniques": ""
  },
  {
    "event_id": "4610",
    "log": "Security",
    "source": "Microsoft-Windows-Security-Auditing",
    "category": "System",
    "subcategory": "Audit Security System Extension",
    "description": "An authentication package has been loaded by the Local Security Authority.",
    "sample": "Log Name:      Security\nSource:        Microsoft-Windows-Security-Auditing\nEvent ID:      4610\nTask Category: Audit Security System Extension\nLevel:         Information\nKeywords:      Audit Success\nUser:          N/A\nComputer:      DC01.corp.local\nDescription:\nAn authentication package has been loaded by the Local Security Authority.\n\nSubject:\n\tSecurity ID:\t\tS-1-5-21-3623811015-3361044348-30300820-1105\n\tAccount Name:\t\tadmin.jsmith\n\tAccount Domain:\t\tCORP\n\tLogon ID:\t\t0x3E7F21",
    "reference": "",
    "how_to_collect": "",
    "sample_type": "illustrative",
    "mitre_techniques": ""
  },
  {
    "event_id": "4611",
    "log": "Security",
    "source": "Microsoft-Windows-Security-Auditing",
    "category": "System",
    "subcategory": "Audit Security System Extension",
    "description": "A trusted logon process has been registered with the Local Security Authority.",
    "sample": "Log Name:      Security\nSource:        Microsoft-Windows-Security-Auditing\nEvent ID:      4611\nTask Category: Audit Security System Extension\nLevel:         Information\nKeywords:      Audit Success\nUser:          N/A\nComputer:      DC01.corp.local\nDescription:\nA trusted logon process has been registered with the Local Security Authority.\n\nSubject:\n\tSecurity ID:\t\tS-1-5-21-3623811015-3361044348-30300820-1105\n\tAccount Name:\t\tadmin.jsmith\n\tAccount Domain:\t\tCORP\n\tLogon ID:\t\t0x3E7F21",
    "reference": "",
    "how_to_collect": "",
    "sample_type": "illustrative",
    "mitre_techniques": ""
  },
  {
    "event_id": "4612",
    "log": "Security",
    "source": "Microsoft-Windows-Security-Auditing",
    "category": "System",
    "subcategory": "Audit System Integrity",
    "description": "Internal resources allocated for the queuing of audit messages have been exhausted, leading to the loss of some audits.",
    "sample": "Log Name:      Security\nSource:        Microsoft-Windows-Security-Auditing\nEvent ID:      4612\nTask Category: Audit System Integrity\nLevel:         Information\nKeywords:      Audit Success\nUser:          N/A\nComputer:      DC01.corp.local\nDescription:\nInternal resources allocated for the queuing of audit messages have been exhausted, leading to the loss of some audits.\n\nSubject:\n\tSecurity ID:\t\tS-1-5-21-3623811015-3361044348-30300820-1105\n\tAccount Name:\t\tadmin.jsmith\n\tAccount Domain:\t\tCORP\n\tLogon ID:\t\t0x3E7F21",
    "reference": "",
    "how_to_collect": "",
    "sample_type": "illustrative",
    "mitre_techniques": ""
  },
  {
    "event_id": "4614",
    "log": "Security",
    "source": "Microsoft-Windows-Security-Auditing",
    "category": "System",
    "subcategory": "Audit Security System Extension",
    "description": "A notification package has been loaded by the Security Account Manager.",
    "sample": "Log Name:      Security\nSource:        Microsoft-Windows-Security-Auditing\nEvent ID:      4614\nTask Category: Audit Security System Extension\nLevel:         Information\nKeywords:      Audit Success\nUser:          N/A\nComputer:      DC01.corp.local\nDescription:\nA notification package has been loaded by the Security Account Manager.\n\nSubject:\n\tSecurity ID:\t\tS-1-5-21-3623811015-3361044348-30300820-1105\n\tAccount Name:\t\tadmin.jsmith\n\tAccount Domain:\t\tCORP\n\tLogon ID:\t\t0x3E7F21",
    "reference": "",
    "how_to_collect": "",
    "sample_type": "illustrative",
    "mitre_techniques": ""
  },
  {
    "event_id": "4615",
    "log": "Security",
    "source": "Microsoft-Windows-Security-Auditing",
    "category": "System",
    "subcategory": "Audit System Integrity",
    "description": "Invalid use of LPC port.",
    "sample": "Log Name:      Security\nSource:        Microsoft-Windows-Security-Auditing\nEvent ID:      4615\nTask Category: Audit System Integrity\nLevel:         Information\nKeywords:      Audit Success\nUser:          N/A\nComputer:      DC01.corp.local\nDescription:\nInvalid use of LPC port.\n\nSubject:\n\tSecurity ID:\t\tS-1-5-21-3623811015-3361044348-30300820-1105\n\tAccount Name:\t\tadmin.jsmith\n\tAccount Domain:\t\tCORP\n\tLogon ID:\t\t0x3E7F21",
    "reference": "",
    "how_to_collect": "",
    "sample_type": "illustrative",
    "mitre_techniques": ""
  },
  {
    "event_id": "4616",
    "log": "Security",
    "source": "Microsoft-Windows-Security-Auditing",
    "category": "System",
    "subcategory": "Audit Security State Change",
    "description": "The system time was changed.",
    "sample": "Log Name:      Security\nSource:        Microsoft-Windows-Security-Auditing\nEvent ID:      4616\nTask Category: Audit Security State Change\nLevel:         Information\nKeywords:      Audit Success\nUser:          N/A\nComputer:      DC01.corp.local\nDescription:\nThe system time was changed.\n\nSubject:\n\tSecurity ID:\t\tS-1-5-21-3623811015-3361044348-30300820-1105\n\tAccount Name:\t\tadmin.jsmith\n\tAccount Domain:\t\tCORP\n\tLogon ID:\t\t0x3E7F21",
    "reference": "",
    "how_to_collect": "",
    "sample_type": "illustrative",
    "mitre_techniques": ""
  },
  {
    "event_id": "4618",
    "log": "Security",
    "source": "Microsoft-Windows-Security-Auditing",
    "category": "System",
    "subcategory": "Audit System Integrity",
    "description": "A monitored security event pattern has occurred.",
    "sample": "Log Name:      Security\nSource:        Microsoft-Windows-Security-Auditing\nEvent ID:      4618\nTask Category: Audit System Integrity\nLevel:         Information\nKeywords:      Audit Success\nUser:          N/A\nComputer:      DC01.corp.local\nDescription:\nA monitored security event pattern has occurred.\n\nSubject:\n\tSecurity ID:\t\tS-1-5-21-3623811015-3361044348-30300820-1105\n\tAccount Name:\t\tadmin.jsmith\n\tAccount Domain:\t\tCORP\n\tLogon ID:\t\t0x3E7F21",
    "reference": "",
    "how_to_collect": "",
    "sample_type": "illustrative",
    "mitre_techniques": ""
  },
  {
    "event_id": "4621",
    "log": "Security",
    "source": "Microsoft-Windows-Security-Auditing",
    "category": "System",
    "subcategory": "Audit Security State Change",
    "description": "Administrator recovered system from CrashOnAuditFail.",
    "sample": "Log Name:      Security\nSource:        Microsoft-Windows-Security-Auditing\nEvent ID:      4621\nTask Category: Audit Security State Change\nLevel:         Information\nKeywords:      Audit Success\nUser:          N/A\nComputer:      DC01.corp.local\nDescription:\nAdministrator recovered system from CrashOnAuditFail.\n\nSubject:\n\tSecurity ID:\t\tS-1-5-21-3623811015-3361044348-30300820-1105\n\tAccount Name:\t\tadmin.jsmith\n\tAccount Domain:\t\tCORP\n\tLogon ID:\t\t0x3E7F21",
    "reference": "",
    "how_to_collect": "",
    "sample_type": "illustrative",
    "mitre_techniques": ""
  },
  {
    "event_id": "4622",
    "log": "Security",
    "source": "Microsoft-Windows-Security-Auditing",
    "category": "System",
    "subcategory": "Audit Security System Extension",
    "description": "A security package has been loaded by the Local Security Authority.",
    "sample": "Log Name:      Security\nSource:        Microsoft-Windows-Security-Auditing\nEvent ID:      4622\nTask Category: Audit Security System Extension\nLevel:         Information\nKeywords:      Audit Success\nUser:          N/A\nComputer:      DC01.corp.local\nDescription:\nA security package has been loaded by the Local Security Authority.\n\nSubject:\n\tSecurity ID:\t\tS-1-5-21-3623811015-3361044348-30300820-1105\n\tAccount Name:\t\tadmin.jsmith\n\tAccount Domain:\t\tCORP\n\tLogon ID:\t\t0x3E7F21",
    "reference": "",
    "how_to_collect": "",
    "sample_type": "illustrative",
    "mitre_techniques": ""
  },
  {
    "event_id": "4624",
    "log": "Security",
    "source": "Microsoft-Windows-Security-Auditing",
    "category": "Logon/Logoff",
    "subcategory": "Audit Logon",
    "description": "An account was successfully logged on.",
    "sample": "Log Name:      Security\nSource:        Microsoft-Windows-Security-Auditing\nEvent ID:      4624\nTask Category: Audit Logon\nLevel:         Information\nKeywords:      Audit Success\nUser:          N/A\nComputer:      DC01.corp.local\nDescription:\nAn account was successfully logged on.\n\nSubject:\n\tSecurity ID:\t\tS-1-5-18\n\tAccount Name:\t\tDC01$\n\tAccount Domain:\t\tCORP\n\tLogon ID:\t\t0x3E7\n\nLogon Type:\t\t\t3\n\nNew Logon:\n\tSecurity ID:\t\tS-1-5-21-3623811015-3361044348-30300820-1231\n\tAccount Name:\t\tj.doe\n\tAccount Domain:\t\tCORP\n\tLogon ID:\t\t0x3E7F21\n\tLogon GUID:\t\t{3f9a2b7c-1d4e-4a2b-9c3d-8e7f6a5b4c3d}\n\nProcess Information:\n\tProcess ID:\t\t0x1a4\n\tProcess Name:\t\tC:\\Windows\\System32\\lsass.exe\n\nNetwork Information:\n\tWorkstation Name:\tWKS-0142\n\tSource Network Address:\t10.20.40.142\n\tSource Port:\t\t52344\n\nDetailed Authentication Information:\n\tLogon Process:\t\tKerberos\n\tAuthentication Package:\tKerberos\n\tTransited Services:\t-\n\tPackage Name (NTLM only):\t-\n\tKey Length:\t\t0",
    "reference": "",
    "how_to_collect": "Audit Logon",
    "sample_type": "illustrative",
    "mitre_techniques": ""
  },
  {
    "event_id": "4625",
    "log": "Security",
    "source": "Microsoft-Windows-Security-Auditing",
    "category": "Logon/Logoff",
    "subcategory": "Audit Account Lockout",
    "description": "An account failed to log on.",
    "sample": "Log Name:      Security\nSource:        Microsoft-Windows-Security-Auditing\nEvent ID:      4625\nTask Category: Audit Account Lockout\nLevel:         Information\nKeywords:      Audit Success\nUser:          N/A\nComputer:      DC01.corp.local\nDescription:\nAn account failed to log on.\n\nSubject:\n\tSecurity ID:\t\tS-1-5-18\n\tAccount Name:\t\tDC01$\n\tAccount Domain:\t\tCORP\n\tLogon ID:\t\t0x3E7\n\nLogon Type:\t\t\t3\n\nNew Logon:\n\tSecurity ID:\t\tS-1-5-21-3623811015-3361044348-30300820-1231\n\tAccount Name:\t\tj.doe\n\tAccount Domain:\t\tCORP\n\tLogon ID:\t\t0x3E7F21\n\tLogon GUID:\t\t{3f9a2b7c-1d4e-4a2b-9c3d-8e7f6a5b4c3d}\n\nProcess Information:\n\tProcess ID:\t\t0x1a4\n\tProcess Name:\t\tC:\\Windows\\System32\\lsass.exe\n\nNetwork Information:\n\tWorkstation Name:\tWKS-0142\n\tSource Network Address:\t10.20.40.142\n\tSource Port:\t\t52344\n\nDetailed Authentication Information:\n\tLogon Process:\t\tKerberos\n\tAuthentication Package:\tKerberos\n\tTransited Services:\t-\n\tPackage Name (NTLM only):\t-\n\tKey Length:\t\t0\n\nFailure Information:\n\tFailure Reason:\t\tUnknown user name or bad password.\n\tStatus:\t\t\t0xC000006D\n\tSub Status:\t\t0xC000006A",
    "reference": "",
    "how_to_collect": "Audit Account Lockout; Audit Logon",
    "sample_type": "illustrative",
    "mitre_techniques": ""
  },
  {
    "event_id": "4625",
    "log": "Security",
    "source": "Microsoft-Windows-Security-Auditing",
    "category": "Logon/Logoff",
    "subcategory": "Audit Logon",
    "description": "An account failed to log on.",
    "sample": "Log Name:      Security\nSource:        Microsoft-Windows-Security-Auditing\nEvent ID:      4625\nTask Category: Audit Logon\nLevel:         Information\nKeywords:      Audit Success\nUser:          N/A\nComputer:      DC01.corp.local\nDescription:\nAn account failed to log on.\n\nSubject:\n\tSecurity ID:\t\tS-1-5-18\n\tAccount Name:\t\tDC01$\n\tAccount Domain:\t\tCORP\n\tLogon ID:\t\t0x3E7\n\nLogon Type:\t\t\t3\n\nNew Logon:\n\tSecurity ID:\t\tS-1-5-21-3623811015-3361044348-30300820-1231\n\tAccount Name:\t\tj.doe\n\tAccount Domain:\t\tCORP\n\tLogon ID:\t\t0x3E7F21\n\tLogon GUID:\t\t{3f9a2b7c-1d4e-4a2b-9c3d-8e7f6a5b4c3d}\n\nProcess Information:\n\tProcess ID:\t\t0x1a4\n\tProcess Name:\t\tC:\\Windows\\System32\\lsass.exe\n\nNetwork Information:\n\tWorkstation Name:\tWKS-0142\n\tSource Network Address:\t10.20.40.142\n\tSource Port:\t\t52344\n\nDetailed Authentication Information:\n\tLogon Process:\t\tKerberos\n\tAuthentication Package:\tKerberos\n\tTransited Services:\t-\n\tPackage Name (NTLM only):\t-\n\tKey Length:\t\t0\n\nFailure Information:\n\tFailure Reason:\t\tUnknown user name or bad password.\n\tStatus:\t\t\t0xC000006D\n\tSub Status:\t\t0xC000006A",
    "reference": "",
    "how_to_collect": "Audit Account Lockout; Audit Logon",
    "sample_type": "illustrative",
    "mitre_techniques": ""
  },
  {
    "event_id": "4634",
    "log": "Security",
    "source": "Microsoft-Windows-Security-Auditing",
    "category": "Logon/Logoff",
    "subcategory": "Audit Logoff",
    "description": "An account was logged off.",
    "sample": "Log Name:      Security\nSource:        Microsoft-Windows-Security-Auditing\nEvent ID:      4634\nTask Category: Audit Logoff\nLevel:         Information\nKeywords:      Audit Success\nUser:          N/A\nComputer:      DC01.corp.local\nDescription:\nAn account was logged off.\n\nSubject:\n\tSecurity ID:\t\tS-1-5-21-3623811015-3361044348-30300820-1231\n\tAccount Name:\t\tj.doe\n\tAccount Domain:\t\tCORP\n\tLogon ID:\t\t0x3E7F21\n\nLogon Type:\t\t\t3",
    "reference": "",
    "how_to_collect": "Audit Logoff",
    "sample_type": "illustrative",
    "mitre_techniques": ""
  },
  {
    "event_id": "4646",
    "log": "Security",
    "source": "Microsoft-Windows-Security-Auditing",
    "category": "Logon/Logoff",
    "subcategory": "Audit IPsec Main Mode",
    "description": "IKE DoS-prevention mode started.",
    "sample": "Log Name:      Security\nSource:        Microsoft-Windows-Security-Auditing\nEvent ID:      4646\nTask Category: Audit IPsec Main Mode\nLevel:         Information\nKeywords:      Audit Success\nUser:          N/A\nComputer:      DC01.corp.local\nDescription:\nIKE DoS-prevention mode started.\n\nLocal Endpoint:\n\tLocal Principal Name:\t\t-\n\tLocal Address:\t\t\t10.20.10.5\n\tLocal Port:\t\t\t500\n\nRemote Endpoint:\n\tRemote Principal Name:\t\t-\n\tRemote Address:\t\t\t10.20.40.142\n\tRemote Port:\t\t\t500\n\nIKE/AuthIP Information:\n\tAuthentication Method:\t\tPreshared key\n\tDiffie-Hellman Group:\t\t2 (1024 bit MODP)\n\tEncryption Algorithm:\t\tAES-128\n\tIntegrity Algorithm:\t\tSHA1",
    "reference": "",
    "how_to_collect": "",
    "sample_type": "illustrative",
    "mitre_techniques": ""
  },
  {
    "event_id": "4647",
    "log": "Security",
    "source": "Microsoft-Windows-Security-Auditing",
    "category": "Logon/Logoff",
    "subcategory": "Audit Logoff",
    "description": "User initiated logoff.",
    "sample": "Log Name:      Security\nSource:        Microsoft-Windows-Security-Auditing\nEvent ID:      4647\nTask Category: Audit Logoff\nLevel:         Information\nKeywords:      Audit Success\nUser:          N/A\nComputer:      DC01.corp.local\nDescription:\nUser initiated logoff.\n\nSubject:\n\tSecurity ID:\t\tS-1-5-21-3623811015-3361044348-30300820-1231\n\tAccount Name:\t\tj.doe\n\tAccount Domain:\t\tCORP\n\tLogon ID:\t\t0x3E7F21\n\nLogon Type:\t\t\t3",
    "reference": "",
    "how_to_collect": "Audit Logoff",
    "sample_type": "illustrative",
    "mitre_techniques": ""
  },
  {
    "event_id": "4648",
    "log": "Security",
    "source": "Microsoft-Windows-Security-Auditing",
    "category": "Logon/Logoff",
    "subcategory": "Audit Logon",
    "description": "A logon was attempted using explicit credentials.",
    "sample": "Log Name:      Security\nSource:        Microsoft-Windows-Security-Auditing\nEvent ID:      4648\nTask Category: Audit Logon\nLevel:         Information\nKeywords:      Audit Success\nUser:          N/A\nComputer:      DC01.corp.local\nDescription:\nA logon was attempted using explicit credentials.\n\nSubject:\n\tSecurity ID:\t\tS-1-5-18\n\tAccount Name:\t\tDC01$\n\tAccount Domain:\t\tCORP\n\tLogon ID:\t\t0x3E7\n\nLogon Type:\t\t\t3\n\nNew Logon:\n\tSecurity ID:\t\tS-1-5-21-3623811015-3361044348-30300820-1231\n\tAccount Name:\t\tj.doe\n\tAccount Domain:\t\tCORP\n\tLogon ID:\t\t0x3E7F21\n\tLogon GUID:\t\t{3f9a2b7c-1d4e-4a2b-9c3d-8e7f6a5b4c3d}\n\nProcess Information:\n\tProcess ID:\t\t0x1a4\n\tProcess Name:\t\tC:\\Windows\\System32\\lsass.exe\n\nNetwork Information:\n\tWorkstation Name:\tWKS-0142\n\tSource Network Address:\t10.20.40.142\n\tSource Port:\t\t52344\n\nDetailed Authentication Information:\n\tLogon Process:\t\tKerberos\n\tAuthentication Package:\tKerberos\n\tTransited Services:\t-\n\tPackage Name (NTLM only):\t-\n\tKey Length:\t\t0",
    "reference": "",
    "how_to_collect": "Audit Logon",
    "sample_type": "illustrative",
    "mitre_techniques": ""
  },
  {
    "event_id": "4649",
    "log": "Security",
    "source": "Microsoft-Windows-Security-Auditing",
    "category": "Account Logon",
    "subcategory": "Audit Other Account Logon Events",
    "description": "A replay attack was detected.",
    "sample": "Log Name:      Security\nSource:        Microsoft-Windows-Security-Auditing\nEvent ID:      4649\nTask Category: Audit Other Account Logon Events\nLevel:         Information\nKeywords:      Audit Success\nUser:          N/A\nComputer:      DC01.corp.local\nDescription:\nA replay attack was detected.\n\nSubject:\n\tSecurity ID:\t\tS-1-5-18\n\tAccount Name:\t\tDC01$\n\tAccount Domain:\t\tCORP\n\tLogon ID:\t\t0x3E7\n\nLogon Type:\t\t\t3\n\nNew Logon:\n\tSecurity ID:\t\tS-1-5-21-3623811015-3361044348-30300820-1231\n\tAccount Name:\t\tj.doe\n\tAccount Domain:\t\tCORP\n\tLogon ID:\t\t0x3E7F21\n\tLogon GUID:\t\t{3f9a2b7c-1d4e-4a2b-9c3d-8e7f6a5b4c3d}\n\nProcess Information:\n\tProcess ID:\t\t0x1a4\n\tProcess Name:\t\tC:\\Windows\\System32\\lsass.exe\n\nNetwork Information:\n\tWorkstation Name:\tWKS-0142\n\tSource Network Address:\t10.20.40.142\n\tSource Port:\t\t52344\n\nDetailed Authentication Information:\n\tLogon Process:\t\tKerberos\n\tAuthentication Package:\tKerberos\n\tTransited Services:\t-\n\tPackage Name (NTLM only):\t-\n\tKey Length:\t\t0",
    "reference": "",
    "how_to_collect": "Audit Kerberos (verbose / debug logging); Audit Other Logon/Logoff Events",
    "sample_type": "illustrative",
    "mitre_techniques": ""
  },
  {
    "event_id": "4649",
    "log": "Security",
    "source": "Microsoft-Windows-Security-Auditing",
    "category": "Logon/Logoff",
    "subcategory": "Audit Other Logon/Logoff Events",
    "description": "A replay attack was detected.",
    "sample": "Log Name:      Security\nSource:        Microsoft-Windows-Security-Auditing\nEvent ID:      4649\nTask Category: Audit Other Logon/Logoff Events\nLevel:         Information\nKeywords:      Audit Success\nUser:          N/A\nComputer:      DC01.corp.local\nDescription:\nA replay attack was detected.\n\nSubject:\n\tSecurity ID:\t\tS-1-5-21-3623811015-3361044348-30300820-1231\n\tAccount Name:\t\tj.doe\n\tAccount Domain:\t\tCORP\n\tLogon ID:\t\t0x3E7F21\n\nLogon Type:\t\t\t3",
    "reference": "",
    "how_to_collect": "Audit Kerberos (verbose / debug logging); Audit Other Logon/Logoff Events",
    "sample_type": "illustrative",
    "mitre_techniques": ""
  },
