event_id,log,source,category,subcategory,description,sample,reference,how_to_collect,sample_type,mitre_techniques,acsc_priority_log,nist_800_53_au
4205,Applications and Servers->Microsoft->Windows->NLAsvc,Nlasvc,Network Location Awareness,Gateway Resolution,Gateway resolution failed on interface for xx with error ...,"Log Name:      Microsoft-Windows-NlaSvc/Operational
Source:        Microsoft-Windows-NlaSvc
Event ID:      4205
Task Category: Gateway Resolution
Level:         Warning
Computer:      WKS-0142.corp.local
Description:
Gateway resolution failed on interface {4d36e972-e325-11ce-bfc1-08002be10318} for gateway address 10.20.40.1 with error 0x51.",,,illustrative,,,
4343,Applications and Servers->Microsoft->Windows->NLAsvc,Nlasvc,Network Location Awareness,LDAP Authentication,LDAP Authentication on interface failed,"Log Name:      Microsoft-Windows-NlaSvc/Operational
Source:        Microsoft-Windows-NlaSvc
Event ID:      4343
Task Category: LDAP Authentication
Level:         Warning
Computer:      WKS-0142.corp.local
Description:
LDAP Authentication on interface {4d36e972-e325-11ce-bfc1-08002be10318} failed against domain controller DC01.corp.local.",,,illustrative,,,
70,Microsoft-Windows-DHCP-Server,DHCP-Server,DHCP,,Scope xxx for ipv4 is configured by xxx,"Log Name:      Microsoft-Windows-DHCP-Server/Admin
Source:        Microsoft-Windows-DHCP-Server
Event ID:      70
Task Category: None
Level:         Information
Computer:      DHCP01.corp.local
Description:
Scope 10.20.30.0 for ipv4 is configured by CORP\admin.jsmith.",Configure,,illustrative,,,
72,Microsoft-Windows-DHCP-Server,DHCP-Server,DHCP,,Scope xxx for ipv4 is deleted by xxx,"Log Name:      Microsoft-Windows-DHCP-Server/Admin
Source:        Microsoft-Windows-DHCP-Server
Event ID:      72
Task Category: None
Level:         Information
Computer:      DHCP01.corp.local
Description:
Scope 10.20.30.0 for ipv4 is deleted by CORP\admin.jsmith.",Configure,,illustrative,,,
73,Microsoft-Windows-DHCP-Server,DHCP-Server,DHCP,,Scope xxx for ipv4 is activated by xxx,"Log Name:      Microsoft-Windows-DHCP-Server/Admin
Source:        Microsoft-Windows-DHCP-Server
Event ID:      73
Task Category: None
Level:         Information
Computer:      DHCP01.corp.local
Description:
Scope 10.20.30.0 for ipv4 is activated by CORP\admin.jsmith.",Configure,,illustrative,,,
74,Microsoft-Windows-DHCP-Server,DHCP-Server,DHCP,,Scope xxx for ipv4 is deactivated by xxx,"Log Name:      Microsoft-Windows-DHCP-Server/Admin
Source:        Microsoft-Windows-DHCP-Server
Event ID:      74
Task Category: None
Level:         Information
Computer:      DHCP01.corp.local
Description:
Scope 10.20.30.0 for ipv4 is deactivated by CORP\admin.jsmith.",Configure,,illustrative,,,
75,Microsoft-Windows-DHCP-Server,DHCP-Server,DHCP,,Scope xxx for ipv4 is updated with lease duration xxx seconds by xxx,"Log Name:      Microsoft-Windows-DHCP-Server/Admin
Source:        Microsoft-Windows-DHCP-Server
Event ID:      75
Task Category: None
Level:         Information
Computer:      DHCP01.corp.local
Description:
Scope 10.20.30.0 for ipv4 is updated with lease duration 691200 seconds by CORP\admin.jsmith.",Configure,,illustrative,,,
76,Microsoft-Windows-DHCP-Server,DHCP-Server,DHCP,,Scope xxx for ipv4 is updated with option setting xx by xxx,"Log Name:      Microsoft-Windows-DHCP-Server/Admin
Source:        Microsoft-Windows-DHCP-Server
Event ID:      76
Task Category: None
Level:         Information
Computer:      DHCP01.corp.local
Description:
Scope 10.20.30.0 for ipv4 is updated with option setting 006 (DNS Servers) by CORP\admin.jsmith.",Configure,,illustrative,,,
89,Microsoft-Windows-DHCP-Server,DHCP-Server,DHCP,,Scope ... for ipv4 is updated with support type...by....The previous configuration state was : ...,"Log Name:      Microsoft-Windows-DHCP-Server/Admin
Source:        Microsoft-Windows-DHCP-Server
Event ID:      89
Task Category: None
Level:         Information
Computer:      DHCP01.corp.local
Description:
Scope 10.20.30.0 for ipv4 is updated with support type DHCPv4 by CORP\admin.jsmith. The previous configuration state was: Disabled.",,,illustrative,,,
106,Microsoft-Windows-DHCP-Server,DHCP-Server,DHCP,,Reservation xxx for ipv4 is configured under scope xxx by xxx,"Log Name:      Microsoft-Windows-DHCP-Server/Admin
Source:        Microsoft-Windows-DHCP-Server
Event ID:      106
Task Category: None
Level:         Information
Computer:      DHCP01.corp.local
Description:
Reservation 10.20.30.50 for ipv4 is configured under scope 10.20.30.0 by CORP\admin.jsmith.",Configure,,illustrative,,,
107,Microsoft-Windows-DHCP-Server,DHCP-Server,DHCP,,Reservation xxx for ipv4 is deleted under scope xxx by xxx,"Log Name:      Microsoft-Windows-DHCP-Server/Admin
Source:        Microsoft-Windows-DHCP-Server
Event ID:      107
Task Category: None
Level:         Information
Computer:      DHCP01.corp.local
Description:
Reservation 10.20.30.50 for ipv4 is deleted under scope 10.20.30.0 by CORP\admin.jsmith.",Configure,,illustrative,,,
108,Microsoft-Windows-DHCP-Server,DHCP-Server,DHCP,,Reservation xxx for ipv4 under scope xxx is enabled for dns dynamic updates by xxx,"Log Name:      Microsoft-Windows-DHCP-Server/Admin
Source:        Microsoft-Windows-DHCP-Server
Event ID:      108
Task Category: None
Level:         Information
Computer:      DHCP01.corp.local
Description:
Reservation 10.20.30.50 for ipv4 under scope 10.20.30.0 is enabled for DNS dynamic updates by CORP\admin.jsmith.",Configure,,illustrative,,,
119,Microsoft-Windows-DHCP-Server,DHCP-Server,DHCP,,Added exclusion ip address range xxx in the address pool for ipv4 under scope xxx by xxx,"Log Name:      Microsoft-Windows-DHCP-Server/Admin
Source:        Microsoft-Windows-DHCP-Server
Event ID:      119
Task Category: None
Level:         Information
Computer:      DHCP01.corp.local
Description:
Added exclusion IP address range 10.20.30.240-10.20.30.254 in the address pool for ipv4 under scope 10.20.30.0 by CORP\admin.jsmith.",Configure,,illustrative,,,
20221,Microsoft-Windows-DHCP-Server,DHCP-Server,DHCP,Policy,Description of Scope ....policy...was set to ... for ...,"Log Name:      Microsoft-Windows-DHCP-Server/Admin
Source:        Microsoft-Windows-DHCP-Server
Event ID:      20221
Task Category: Policy
Level:         Information
Computer:      DHCP01.corp.local
Description:
Description of Scope 10.20.30.0 policy Voip-Phones was set to 'Priority policy for VoIP handsets' for ipv4.",,,illustrative,,,
20223,Microsoft-Windows-DHCP-Server,DHCP-Server,DHCP,Policy,The conditions for scope...policy...have been set to.....The conditions are grouped by logical operator OR,"Log Name:      Microsoft-Windows-DHCP-Server/Admin
Source:        Microsoft-Windows-DHCP-Server
Event ID:      20223
Task Category: Policy
Level:         Information
Computer:      DHCP01.corp.local
Description:
The conditions for scope 10.20.30.0 policy Voip-Phones have been set to Vendor Class = 'Cisco Systems, Inc. IP Phone'. The conditions are grouped by logical operator OR.",,,illustrative,,,
20227,Microsoft-Windows-DHCP-Server,DHCP-Server,DHCP,Policy,Policy default ... was deleted from scope,"Log Name:      Microsoft-Windows-DHCP-Server/Admin
Source:        Microsoft-Windows-DHCP-Server
Event ID:      20227
Task Category: Policy
Level:         Information
Computer:      DHCP01.corp.local
Description:
Policy default Voip-Phones was deleted from scope 10.20.30.0.",,,illustrative,,,
20237,Microsoft-Windows-DHCP-Server,DHCP-Server,DHCP,Policy,Description of scope...policy...was set to....,"Log Name:      Microsoft-Windows-DHCP-Server/Admin
Source:        Microsoft-Windows-DHCP-Server
Event ID:      20237
Task Category: Policy
Level:         Information
Computer:      DHCP01.corp.local
Description:
Description of scope 10.20.30.0 policy Voip-Phones was set to 'Updated VoIP handset policy'.",,,illustrative,,,
20239,Microsoft-Windows-DHCP-Server,DHCP-Server,DHCP,Policy,Processing order of scope...policy was changed to..from..,"Log Name:      Microsoft-Windows-DHCP-Server/Admin
Source:        Microsoft-Windows-DHCP-Server
Event ID:      20239
Task Category: Policy
Level:         Information
Computer:      DHCP01.corp.local
Description:
Processing order of scope 10.20.30.0 policy Voip-Phones was changed to 1 from 3.",,,illustrative,,,
20243,Microsoft-Windows-DHCP-Server,DHCP-Server,DHCP,DHCP Failover,Scope xxx has been added to the failover relationship,"Log Name:      Microsoft-Windows-DHCP-Server/Admin
Source:        Microsoft-Windows-DHCP-Server
Event ID:      20243
Task Category: DHCP Failover
Level:         Information
Computer:      DHCP01.corp.local
Description:
Scope 10.20.30.0 has been added to the failover relationship DHCP01-DHCP02-Failover.",Configure,,illustrative,,,
20244,Microsoft-Windows-DHCP-Server,DHCP-Server,DHCP,DHCP Failover,Scope xxx has been removed from the failover relationship,"Log Name:      Microsoft-Windows-DHCP-Server/Admin
Source:        Microsoft-Windows-DHCP-Server
Event ID:      20244
Task Category: DHCP Failover
Level:         Information
Computer:      DHCP01.corp.local
Description:
Scope 10.20.30.0 has been removed from the failover relationship DHCP01-DHCP02-Failover.",Configure,,illustrative,,,
20287,Microsoft-Windows-DHCP-Server,DHCP-Server,DHCP,,DHCP client request from xxx was dropped since the last applicable ip ranges in scope xxx are out of available addresses,"Log Name:      Microsoft-Windows-DHCP-Server/Admin
Source:        Microsoft-Windows-DHCP-Server
Event ID:      20287
Task Category: None
Level:         Information
Computer:      DHCP01.corp.local
Description:
DHCP client request from 00-15-5D-01-CA-3F was dropped since the last applicable IP ranges in scope 10.20.30.0 are out of available addresses.",Configure,,illustrative,,,
20291,Microsoft-Windows-DHCP-Server,DHCP-Server,DHCP,DHCP-Failover,A Binding-ACK message with transaction..was sent for IP address...with reject reason...to partner server...for failover relationship,"Log Name:      Microsoft-Windows-DHCP-Server/Admin
Source:        Microsoft-Windows-DHCP-Server
Event ID:      20291
Task Category: DHCP-Failover
Level:         Information
Computer:      DHCP01.corp.local
Description:
A Binding-ACK message with transaction ID 0x4F2A1 was sent for IP address 10.20.30.87 with reject reason NONE to partner server DHCP02.corp.local for failover relationship DHCP01-DHCP02-Failover.",,,illustrative,,,
20292,Microsoft-Windows-DHCP-Server,DHCP-Server,DHCP,DHCP-Failover,A Binding-ACK message with transaction..was received for IP address...with reject reason...from partner server...for failover relationship,"Log Name:      Microsoft-Windows-DHCP-Server/Admin
Source:        Microsoft-Windows-DHCP-Server
Event ID:      20292
Task Category: DHCP-Failover
Level:         Information
Computer:      DHCP01.corp.local
Description:
A Binding-ACK message with transaction ID 0x4F2A1 was received for IP address 10.20.30.87 with reject reason NONE from partner server DHCP01.corp.local for failover relationship DHCP01-DHCP02-Failover.",,,illustrative,,,
20315,Microsoft-Windows-DHCP-Server,DHCP-Server,DHCP,Policy,DNSSuffix of scope...policy...was set to,"Log Name:      Microsoft-Windows-DHCP-Server/Admin
Source:        Microsoft-Windows-DHCP-Server
Event ID:      20315
Task Category: Policy
Level:         Information
Computer:      DHCP01.corp.local
Description:
DNSSuffix of scope 10.20.30.0 policy Voip-Phones was set to corp.local.",,,illustrative,,,
2003,Microsoft-Windows-DriverFrameworks-UserMode/Operational,Microsoft Windows Security Auditing,Removable Media / Device (PNP),Removable Storage device.,Failure read or write to removeable media,"Log Name:      Microsoft-Windows-DriverFrameworks-UserMode/Operational
Source:        Microsoft-Windows-DriverFrameworks-UserMode
Event ID:      2003
Level:         Information
Computer:      WKS-0142.corp.local
Description:
Failed to read or write to removable media on device \Device\HarddiskVolume7 (USB Mass Storage Device).",,Audit Removable Storage,illustrative,,,
2004,Microsoft-Windows-DriverFrameworks-UserMode/Operational,Microsoft Windows Security Auditing,Removable Media / Device (PNP),Removable Storage device.,The UMDF Host is loading Driver,"Log Name:      Microsoft-Windows-DriverFrameworks-UserMode/Operational
Source:        Microsoft-Windows-DriverFrameworks-UserMode
Event ID:      2004
Level:         Information
Computer:      WKS-0142.corp.local
Description:
The UMDF Host is loading Driver ""WUDFRd"" for Device Instance ID ""USBSTOR\Disk&Ven_SanDisk&Prod_Cruzer&Rev_1.00\4C531001234567890123&0"".",,Audit Removable Storage,illustrative,,,
2005,Microsoft-Windows-DriverFrameworks-UserMode/Operational,Microsoft Windows Security Auditing,Removable Media / Device (PNP),Removable Storage device.,The UMDF Host Process..has loaded module,"Log Name:      Microsoft-Windows-DriverFrameworks-UserMode/Operational
Source:        Microsoft-Windows-DriverFrameworks-UserMode
Event ID:      2005
Level:         Information
Computer:      WKS-0142.corp.local
Description:
The UMDF Host Process ""C:\Windows\System32\WUDFHost.exe"" has loaded module ""WUDFRd.dll"".",,Audit Removable Storage,illustrative,,,
2010,Microsoft-Windows-DriverFrameworks-UserMode/Operational,Microsoft Windows Security Auditing,Removable Media / Device (PNP),Removable Storage device.,Failure read or write to removeable media,"Log Name:      Microsoft-Windows-DriverFrameworks-UserMode/Operational
Source:        Microsoft-Windows-DriverFrameworks-UserMode
Event ID:      2010
Level:         Information
Computer:      WKS-0142.corp.local
Description:
Failed to read or write to removable media on device \Device\HarddiskVolume7 (USB Mass Storage Device).",,Audit Removable Storage,illustrative,,,
2100,Microsoft-Windows-DriverFrameworks-UserMode/Operational,Microsoft Windows Security Auditing,Removable Media / Device (PNP),Removable Storage device.,Received a PNP or Power Operation,"Log Name:      Microsoft-Windows-DriverFrameworks-UserMode/Operational
Source:        Microsoft-Windows-DriverFrameworks-UserMode
Event ID:      2100
Level:         Information
Computer:      WKS-0142.corp.local
Description:
Received a PNP or Power Operation ""IRP_MN_START_DEVICE"" for Device Instance ID ""USBSTOR\Disk&Ven_SanDisk&Prod_Cruzer&Rev_1.00\4C531001234567890123&0"".",,Audit Removable Storage,illustrative,,,
2105,Microsoft-Windows-DriverFrameworks-UserMode/Operational,Microsoft Windows Security Auditing,Removable Media / Device (PNP),Removable Storage device.,Forwarded a PNP or Power Operation,"Log Name:      Microsoft-Windows-DriverFrameworks-UserMode/Operational
Source:        Microsoft-Windows-DriverFrameworks-UserMode
Event ID:      2105
Level:         Information
Computer:      WKS-0142.corp.local
Description:
Forwarded a PNP or Power Operation ""IRP_MN_START_DEVICE"" for Device Instance ID ""USBSTOR\Disk&Ven_SanDisk&Prod_Cruzer&Rev_1.00\4C531001234567890123&0"".",,Audit Removable Storage,illustrative,,,
2106,Microsoft-Windows-DriverFrameworks-UserMode/Operational,Microsoft Windows Security Auditing,Removable Media / Device (PNP),Removable Storage device.,Received a PNP or Power Operation,"Log Name:      Microsoft-Windows-DriverFrameworks-UserMode/Operational
Source:        Microsoft-Windows-DriverFrameworks-UserMode
Event ID:      2106
Level:         Information
Computer:      WKS-0142.corp.local
Description:
Received a PNP or Power Operation ""IRP_MN_QUERY_REMOVE_DEVICE"" for Device Instance ID ""USBSTOR\Disk&Ven_SanDisk&Prod_Cruzer&Rev_1.00\4C531001234567890123&0"".",,Audit Removable Storage,illustrative,,,
21,Microsoft-Windows-TerminalServices-LocalSessionManager/Operational,Microsoft-Windows-TerminalServices-LocalSessionManager,Remote Desktop Services / Terminal Services Session,,Session logon succeeded,"```
Remote Desktop Services: Session logon succeeded:

User: domain\fred.burgmann
Session ID: 10
Source Network Address: 192.168.10.1
```",,,original,,Yes,
23,Microsoft-Windows-TerminalServices-LocalSessionManager/Operational,Microsoft-Windows-TerminalServices-LocalSessionManager,Remote Desktop Services / Terminal Services Session,,Session logoff succeeded,"```
Remote Desktop Services: Session logoff succeeded:

User: domain\fred.burgmann
Session ID: 10
```",,,original,,Yes,
24,Microsoft-Windows-TerminalServices-LocalSessionManager/Operational,Microsoft-Windows-TerminalServices-LocalSessionManager,Remote Desktop Services / Terminal Services Session,,Session has been disconnected,"```
Remote Desktop Services: Session has been disconnected:

User: domain\fred.burgmann
Session ID: 10
Source Network Address: 192.168.10.1
```",,,original,,Yes,
25,Microsoft-Windows-TerminalServices-LocalSessionManager/Operational,Microsoft-Windows-TerminalServices-LocalSessionManager,Remote Desktop Services / Terminal Services Session,,Session reconnection succeeded,"```
Remote Desktop Services: Session reconnection succeeded:

User: domain\fred.burgmann
Session ID: 10
Source Network Address: 192.168.10.1
```",,,original,,Yes,
40,Microsoft-Windows-TerminalServices-LocalSessionManager/Operational,Microsoft-Windows-TerminalServices-LocalSessionManager,Remote Desktop Services / Terminal Services Session,,"Session has been disconnected, with a disconnect reason code (see data/reference/disconnect_reason_codes_event40.csv)","```
Log Name:      Microsoft-Windows-TerminalServices-LocalSessionManager/Operational
Source:        Microsoft-Windows-TerminalServices-LocalSessionManager
Date:          5/4/2017 10:49:19 AM
Event ID:      40
Task Category: None
Level:         Information
Keywords:     
User:          SYSTEM
Computer:      server-machine
Description:
Session 12 has been disconnected, reason code 5
```",,,original,,,
4608,Security,Microsoft-Windows-Security-Auditing,System,Audit Security State Change,Windows is starting up.,"Log Name:      Security
Source:        Microsoft-Windows-Security-Auditing
Event ID:      4608
Task Category: Audit Security State Change
Level:         Information
Keywords:      Audit Success
User:          N/A
Computer:      DC01.corp.local
Description:
Windows is starting up.

Subject:
	Security ID:		S-1-5-21-3623811015-3361044348-30300820-1105
	Account Name:		admin.jsmith
	Account Domain:		CORP
	Logon ID:		0x3E7F21",,,illustrative,,Yes,
4609,Security,Microsoft-Windows-Security-Auditing,System,Audit Security State Change,Windows is shutting down.,"Log Name:      Security
Source:        Microsoft-Windows-Security-Auditing
Event ID:      4609
Task Category: Audit Security State Change
Level:         Information
Keywords:      Audit Success
User:          N/A
Computer:      DC01.corp.local
Description:
Windows is shutting down.

Subject:
	Security ID:		S-1-5-21-3623811015-3361044348-30300820-1105
	Account Name:		admin.jsmith
	Account Domain:		CORP
	Logon ID:		0x3E7F21",,,illustrative,,,
4610,Security,Microsoft-Windows-Security-Auditing,System,Audit Security System Extension,An authentication package has been loaded by the Local Security Authority.,"Log Name:      Security
Source:        Microsoft-Windows-Security-Auditing
Event ID:      4610
Task Category: Audit Security System Extension
Level:         Information
Keywords:      Audit Success
User:          N/A
Computer:      DC01.corp.local
Description:
An authentication package has been loaded by the Local Security Authority.

Subject:
	Security ID:		S-1-5-21-3623811015-3361044348-30300820-1105
	Account Name:		admin.jsmith
	Account Domain:		CORP
	Logon ID:		0x3E7F21",,,illustrative,,Yes,
4611,Security,Microsoft-Windows-Security-Auditing,System,Audit Security System Extension,A trusted logon process has been registered with the Local Security Authority.,"Log Name:      Security
Source:        Microsoft-Windows-Security-Auditing
Event ID:      4611
Task Category: Audit Security System Extension
Level:         Information
Keywords:      Audit Success
User:          N/A
Computer:      DC01.corp.local
Description:
A trusted logon process has been registered with the Local Security Authority.

Subject:
	Security ID:		S-1-5-21-3623811015-3361044348-30300820-1105
	Account Name:		admin.jsmith
	Account Domain:		CORP
	Logon ID:		0x3E7F21",,,illustrative,,Yes,
4612,Security,Microsoft-Windows-Security-Auditing,System,Audit System Integrity,"Internal resources allocated for the queuing of audit messages have been exhausted, leading to the loss of some audits.","Log Name:      Security
Source:        Microsoft-Windows-Security-Auditing
Event ID:      4612
Task Category: Audit System Integrity
Level:         Information
Keywords:      Audit Success
User:          N/A
Computer:      DC01.corp.local
Description:
Internal resources allocated for the queuing of audit messages have been exhausted, leading to the loss of some audits.

Subject:
	Security ID:		S-1-5-21-3623811015-3361044348-30300820-1105
	Account Name:		admin.jsmith
	Account Domain:		CORP
	Logon ID:		0x3E7F21",,,illustrative,,Yes,
4614,Security,Microsoft-Windows-Security-Auditing,System,Audit Security System Extension,A notification package has been loaded by the Security Account Manager.,"Log Name:      Security
Source:        Microsoft-Windows-Security-Auditing
Event ID:      4614
Task Category: Audit Security System Extension
Level:         Information
Keywords:      Audit Success
User:          N/A
Computer:      DC01.corp.local
Description:
A notification package has been loaded by the Security Account Manager.

Subject:
	Security ID:		S-1-5-21-3623811015-3361044348-30300820-1105
	Account Name:		admin.jsmith
	Account Domain:		CORP
	Logon ID:		0x3E7F21",,,illustrative,,Yes,
4615,Security,Microsoft-Windows-Security-Auditing,System,Audit System Integrity,Invalid use of LPC port.,"Log Name:      Security
Source:        Microsoft-Windows-Security-Auditing
Event ID:      4615
Task Category: Audit System Integrity
Level:         Information
Keywords:      Audit Success
User:          N/A
Computer:      DC01.corp.local
Description:
Invalid use of LPC port.

Subject:
	Security ID:		S-1-5-21-3623811015-3361044348-30300820-1105
	Account Name:		admin.jsmith
	Account Domain:		CORP
	Logon ID:		0x3E7F21",,,illustrative,,Yes,
4616,Security,Microsoft-Windows-Security-Auditing,System,Audit Security State Change,The system time was changed.,"Log Name:      Security
Source:        Microsoft-Windows-Security-Auditing
Event ID:      4616
Task Category: Audit Security State Change
Level:         Information
Keywords:      Audit Success
User:          N/A
Computer:      DC01.corp.local
Description:
The system time was changed.

Subject:
	Security ID:		S-1-5-21-3623811015-3361044348-30300820-1105
	Account Name:		admin.jsmith
	Account Domain:		CORP
	Logon ID:		0x3E7F21",,,illustrative,,Yes,AU-8
4618,Security,Microsoft-Windows-Security-Auditing,System,Audit System Integrity,A monitored security event pattern has occurred.,"Log Name:      Security
Source:        Microsoft-Windows-Security-Auditing
Event ID:      4618
Task Category: Audit System Integrity
Level:         Information
Keywords:      Audit Success
User:          N/A
Computer:      DC01.corp.local
Description:
A monitored security event pattern has occurred.

Subject:
	Security ID:		S-1-5-21-3623811015-3361044348-30300820-1105
	Account Name:		admin.jsmith
	Account Domain:		CORP
	Logon ID:		0x3E7F21",,,illustrative,,Yes,
4621,Security,Microsoft-Windows-Security-Auditing,System,Audit Security State Change,Administrator recovered system from CrashOnAuditFail.,"Log Name:      Security
Source:        Microsoft-Windows-Security-Auditing
Event ID:      4621
Task Category: Audit Security State Change
Level:         Information
Keywords:      Audit Success
User:          N/A
Computer:      DC01.corp.local
Description:
Administrator recovered system from CrashOnAuditFail.

Subject:
	Security ID:		S-1-5-21-3623811015-3361044348-30300820-1105
	Account Name:		admin.jsmith
	Account Domain:		CORP
	Logon ID:		0x3E7F21",,,illustrative,,Yes,
4622,Security,Microsoft-Windows-Security-Auditing,System,Audit Security System Extension,A security package has been loaded by the Local Security Authority.,"Log Name:      Security
Source:        Microsoft-Windows-Security-Auditing
Event ID:      4622
Task Category: Audit Security System Extension
Level:         Information
Keywords:      Audit Success
User:          N/A
Computer:      DC01.corp.local
Description:
A security package has been loaded by the Local Security Authority.

Subject:
	Security ID:		S-1-5-21-3623811015-3361044348-30300820-1105
	Account Name:		admin.jsmith
	Account Domain:		CORP
	Logon ID:		0x3E7F21",,,illustrative,,Yes,
4624,Security,Microsoft-Windows-Security-Auditing,Logon/Logoff,Audit Logon,An account was successfully logged on.,"Log Name:      Security
Source:        Microsoft-Windows-Security-Auditing
Event ID:      4624
Task Category: Audit Logon
Level:         Information
Keywords:      Audit Success
User:          N/A
Computer:      DC01.corp.local
Description:
An account was successfully logged on.

Subject:
	Security ID:		S-1-5-18
	Account Name:		DC01$
	Account Domain:		CORP
	Logon ID:		0x3E7

Logon Type:			3

New Logon:
	Security ID:		S-1-5-21-3623811015-3361044348-30300820-1231
	Account Name:		j.doe
	Account Domain:		CORP
	Logon ID:		0x3E7F21
	Logon GUID:		{3f9a2b7c-1d4e-4a2b-9c3d-8e7f6a5b4c3d}

Process Information:
	Process ID:		0x1a4
	Process Name:		C:\Windows\System32\lsass.exe

Network Information:
	Workstation Name:	WKS-0142
	Source Network Address:	10.20.40.142
	Source Port:		52344

Detailed Authentication Information:
	Logon Process:		Kerberos
	Authentication Package:	Kerberos
	Transited Services:	-
	Package Name (NTLM only):	-
	Key Length:		0",,Audit Logon,illustrative,T1021; T1070; T1078; T1110; T1114; T1185; T1199; T1207; T1213; T1538; T1550; T1552; T1556; T1563; T1606; T1021.001; T1021.002; T1021.004; T1021.005; T1021.006; T1070.005; T1078.001; T1078.002; T1078.003; T1078.004; T1110.001; T1110.002; T1110.003; T1110.004; T1114.002; T1213.001; T1213.002; T1213.003; T1550.002; T1550.003; T1552.005; T1552.007; T1556.001; T1556.003; T1563.001; T1563.002; T1606.001; T1606.002,Yes,
4625,Security,Microsoft-Windows-Security-Auditing,Logon/Logoff,Audit Account Lockout,An account failed to log on.,"Log Name:      Security
Source:        Microsoft-Windows-Security-Auditing
Event ID:      4625
Task Category: Audit Account Lockout
Level:         Information
Keywords:      Audit Success
User:          N/A
Computer:      DC01.corp.local
Description:
An account failed to log on.

Subject:
	Security ID:		S-1-5-18
	Account Name:		DC01$
	Account Domain:		CORP
	Logon ID:		0x3E7

Logon Type:			3

New Logon:
	Security ID:		S-1-5-21-3623811015-3361044348-30300820-1231
	Account Name:		j.doe
	Account Domain:		CORP
	Logon ID:		0x3E7F21
	Logon GUID:		{3f9a2b7c-1d4e-4a2b-9c3d-8e7f6a5b4c3d}

Process Information:
	Process ID:		0x1a4
	Process Name:		C:\Windows\System32\lsass.exe

Network Information:
	Workstation Name:	WKS-0142
	Source Network Address:	10.20.40.142
	Source Port:		52344

Detailed Authentication Information:
	Logon Process:		Kerberos
	Authentication Package:	Kerberos
	Transited Services:	-
	Package Name (NTLM only):	-
	Key Length:		0

Failure Information:
	Failure Reason:		Unknown user name or bad password.
	Status:			0xC000006D
	Sub Status:		0xC000006A",,Audit Account Lockout; Audit Logon,illustrative,T1070; T1078; T1110; T1207; T1538; T1550; T1552; T1070.005; T1078.001; T1078.002; T1078.003; T1078.004; T1110.001; T1110.002; T1110.003; T1110.004; T1550.002; T1550.003; T1552.005; T1552.007,Yes,
4625,Security,Microsoft-Windows-Security-Auditing,Logon/Logoff,Audit Logon,An account failed to log on.,"Log Name:      Security
Source:        Microsoft-Windows-Security-Auditing
Event ID:      4625
Task Category: Audit Logon
Level:         Information
Keywords:      Audit Success
User:          N/A
Computer:      DC01.corp.local
Description:
An account failed to log on.

Subject:
	Security ID:		S-1-5-18
	Account Name:		DC01$
	Account Domain:		CORP
	Logon ID:		0x3E7

Logon Type:			3

New Logon:
	Security ID:		S-1-5-21-3623811015-3361044348-30300820-1231
	Account Name:		j.doe
	Account Domain:		CORP
	Logon ID:		0x3E7F21
	Logon GUID:		{3f9a2b7c-1d4e-4a2b-9c3d-8e7f6a5b4c3d}

Process Information:
	Process ID:		0x1a4
	Process Name:		C:\Windows\System32\lsass.exe

Network Information:
	Workstation Name:	WKS-0142
	Source Network Address:	10.20.40.142
	Source Port:		52344

Detailed Authentication Information:
	Logon Process:		Kerberos
	Authentication Package:	Kerberos
	Transited Services:	-
	Package Name (NTLM only):	-
	Key Length:		0

Failure Information:
	Failure Reason:		Unknown user name or bad password.
	Status:			0xC000006D
	Sub Status:		0xC000006A",,Audit Account Lockout; Audit Logon,illustrative,T1070; T1078; T1110; T1207; T1538; T1550; T1552; T1070.005; T1078.001; T1078.002; T1078.003; T1078.004; T1110.001; T1110.002; T1110.003; T1110.004; T1550.002; T1550.003; T1552.005; T1552.007,Yes,
4634,Security,Microsoft-Windows-Security-Auditing,Logon/Logoff,Audit Logoff,An account was logged off.,"Log Name:      Security
Source:        Microsoft-Windows-Security-Auditing
Event ID:      4634
Task Category: Audit Logoff
Level:         Information
Keywords:      Audit Success
User:          N/A
Computer:      DC01.corp.local
Description:
An account was logged off.

Subject:
	Security ID:		S-1-5-21-3623811015-3361044348-30300820-1231
	Account Name:		j.doe
	Account Domain:		CORP
	Logon ID:		0x3E7F21

Logon Type:			3",,Audit Logoff,illustrative,,Yes,
4646,Security,Microsoft-Windows-Security-Auditing,Logon/Logoff,Audit IPsec Main Mode,IKE DoS-prevention mode started.,"Log Name:      Security
Source:        Microsoft-Windows-Security-Auditing
Event ID:      4646
Task Category: Audit IPsec Main Mode
Level:         Information
Keywords:      Audit Success
User:          N/A
Computer:      DC01.corp.local
Description:
IKE DoS-prevention mode started.

Local Endpoint:
	Local Principal Name:		-
	Local Address:			10.20.10.5
	Local Port:			500

Remote Endpoint:
	Remote Principal Name:		-
	Remote Address:			10.20.40.142
	Remote Port:			500

IKE/AuthIP Information:
	Authentication Method:		Preshared key
	Diffie-Hellman Group:		2 (1024 bit MODP)
	Encryption Algorithm:		AES-128
	Integrity Algorithm:		SHA1",,,illustrative,,,
4647,Security,Microsoft-Windows-Security-Auditing,Logon/Logoff,Audit Logoff,User initiated logoff.,"Log Name:      Security
Source:        Microsoft-Windows-Security-Auditing
Event ID:      4647
Task Category: Audit Logoff
Level:         Information
Keywords:      Audit Success
User:          N/A
Computer:      DC01.corp.local
Description:
User initiated logoff.

Subject:
	Security ID:		S-1-5-21-3623811015-3361044348-30300820-1231
	Account Name:		j.doe
	Account Domain:		CORP
	Logon ID:		0x3E7F21

Logon Type:			3",,Audit Logoff,illustrative,,Yes,
4648,Security,Microsoft-Windows-Security-Auditing,Logon/Logoff,Audit Logon,A logon was attempted using explicit credentials.,"Log Name:      Security
Source:        Microsoft-Windows-Security-Auditing
Event ID:      4648
Task Category: Audit Logon
Level:         Information
Keywords:      Audit Success
User:          N/A
Computer:      DC01.corp.local
Description:
A logon was attempted using explicit credentials.

Subject:
	Security ID:		S-1-5-18
	Account Name:		DC01$
	Account Domain:		CORP
	Logon ID:		0x3E7

Logon Type:			3

New Logon:
	Security ID:		S-1-5-21-3623811015-3361044348-30300820-1231
	Account Name:		j.doe
	Account Domain:		CORP
	Logon ID:		0x3E7F21
	Logon GUID:		{3f9a2b7c-1d4e-4a2b-9c3d-8e7f6a5b4c3d}

Process Information:
	Process ID:		0x1a4
	Process Name:		C:\Windows\System32\lsass.exe

Network Information:
	Workstation Name:	WKS-0142
	Source Network Address:	10.20.40.142
	Source Port:		52344

Detailed Authentication Information:
	Logon Process:		Kerberos
	Authentication Package:	Kerberos
	Transited Services:	-
	Package Name (NTLM only):	-
	Key Length:		0",,Audit Logon,illustrative,T1070; T1078; T1110; T1207; T1538; T1550; T1552; T1070.005; T1078.001; T1078.002; T1078.003; T1078.004; T1110.001; T1110.002; T1110.003; T1110.004; T1550.002; T1550.003; T1552.005; T1552.007,Yes,
4649,Security,Microsoft-Windows-Security-Auditing,Account Logon,Audit Other Account Logon Events,A replay attack was detected.,"Log Name:      Security
Source:        Microsoft-Windows-Security-Auditing
Event ID:      4649
Task Category: Audit Other Account Logon Events
Level:         Information
Keywords:      Audit Success
User:          N/A
Computer:      DC01.corp.local
Description:
A replay attack was detected.

Subject:
	Security ID:		S-1-5-18
	Account Name:		DC01$
	Account Domain:		CORP
	Logon ID:		0x3E7

Logon Type:			3

New Logon:
	Security ID:		S-1-5-21-3623811015-3361044348-30300820-1231
	Account Name:		j.doe
	Account Domain:		CORP
	Logon ID:		0x3E7F21
	Logon GUID:		{3f9a2b7c-1d4e-4a2b-9c3d-8e7f6a5b4c3d}

Process Information:
	Process ID:		0x1a4
	Process Name:		C:\Windows\System32\lsass.exe

Network Information:
	Workstation Name:	WKS-0142
	Source Network Address:	10.20.40.142
	Source Port:		52344

Detailed Authentication Information:
	Logon Process:		Kerberos
	Authentication Package:	Kerberos
	Transited Services:	-
	Package Name (NTLM only):	-
	Key Length:		0",,Audit Kerberos (verbose / debug logging); Audit Other Logon/Logoff Events,illustrative,,Yes,
4649,Security,Microsoft-Windows-Security-Auditing,Logon/Logoff,Audit Other Logon/Logoff Events,A replay attack was detected.,"Log Name:      Security
Source:        Microsoft-Windows-Security-Auditing
Event ID:      4649
Task Category: Audit Other Logon/Logoff Events
Level:         Information
Keywords:      Audit Success
User:          N/A
Computer:      DC01.corp.local
Description:
A replay attack was detected.

Subject:
	Security ID:		S-1-5-21-3623811015-3361044348-30300820-1231
	Account Name:		j.doe
	Account Domain:		CORP
	Logon ID:		0x3E7F21

Logon Type:			3",,Audit Kerberos (verbose / debug logging); Audit Other Logon/Logoff Events,illustrative,,Yes,
4650,Security,Microsoft-Windows-Security-Auditing,Logon/Logoff,Audit IPsec Main Mode,"An IPsec Main Mode security association was established (Extended Mode not enabled, no certificate authentication).","Log Name:      Security
Source:        Microsoft-Windows-Security-Auditing
Event ID:      4650
Task Category: Audit IPsec Main Mode
Level:         Information
Keywords:      Audit Success
User:          N/A
Computer:      DC01.corp.local
Description:
An IPsec Main Mode security association was established (Extended Mode not enabled, no certificate authentication).

Local Endpoint:
	Local Principal Name:		-
	Local Address:			10.20.10.5
	Local Port:			500

Remote Endpoint:
	Remote Principal Name:		-
	Remote Address:			10.20.40.142
	Remote Port:			500

IKE/AuthIP Information:
	Authentication Method:		Preshared key
	Diffie-Hellman Group:		2 (1024 bit MODP)
	Encryption Algorithm:		AES-128
	Integrity Algorithm:		SHA1",,,illustrative,,,
4651,Security,Microsoft-Windows-Security-Auditing,Logon/Logoff,Audit IPsec Main Mode,An IPsec Main Mode security association was established using a certificate for authentication.,"Log Name:      Security
Source:        Microsoft-Windows-Security-Auditing
Event ID:      4651
Task Category: Audit IPsec Main Mode
Level:         Information
Keywords:      Audit Success
User:          N/A
Computer:      DC01.corp.local
Description:
An IPsec Main Mode security association was established using a certificate for authentication.

Local Endpoint:
	Local Principal Name:		-
	Local Address:			10.20.10.5
	Local Port:			500

Remote Endpoint:
	Remote Principal Name:		-
	Remote Address:			10.20.40.142
	Remote Port:			500

IKE/AuthIP Information:
	Authentication Method:		Preshared key
	Diffie-Hellman Group:		2 (1024 bit MODP)
	Encryption Algorithm:		AES-128
	Integrity Algorithm:		SHA1",,,illustrative,,,
4652,Security,Microsoft-Windows-Security-Auditing,Logon/Logoff,Audit IPsec Main Mode,An IPsec Main Mode negotiation failed.,"Log Name:      Security
Source:        Microsoft-Windows-Security-Auditing
Event ID:      4652
Task Category: Audit IPsec Main Mode
Level:         Information
Keywords:      Audit Success
User:          N/A
Computer:      DC01.corp.local
Description:
An IPsec Main Mode negotiation failed.

Local Endpoint:
	Local Principal Name:		-
	Local Address:			10.20.10.5
	Local Port:			500

Remote Endpoint:
	Remote Principal Name:		-
	Remote Address:			10.20.40.142
	Remote Port:			500

IKE/AuthIP Information:
	Authentication Method:		Preshared key
	Diffie-Hellman Group:		2 (1024 bit MODP)
	Encryption Algorithm:		AES-128
	Integrity Algorithm:		SHA1",,,illustrative,,,
4653,Security,Microsoft-Windows-Security-Auditing,Logon/Logoff,Audit IPsec Main Mode,An IPsec Main Mode negotiation failed.,"Log Name:      Security
Source:        Microsoft-Windows-Security-Auditing
Event ID:      4653
Task Category: Audit IPsec Main Mode
Level:         Information
Keywords:      Audit Success
User:          N/A
Computer:      DC01.corp.local
Description:
An IPsec Main Mode negotiation failed.

Local Endpoint:
	Local Principal Name:		-
	Local Address:			10.20.10.5
	Local Port:			500

Remote Endpoint:
	Remote Principal Name:		-
	Remote Address:			10.20.40.142
	Remote Port:			500

IKE/AuthIP Information:
	Authentication Method:		Preshared key
	Diffie-Hellman Group:		2 (1024 bit MODP)
	Encryption Algorithm:		AES-128
	Integrity Algorithm:		SHA1",,,illustrative,,,
4655,Security,Microsoft-Windows-Security-Auditing,Logon/Logoff,Audit IPsec Main Mode,An IPsec Main Mode security association ended.,"Log Name:      Security
Source:        Microsoft-Windows-Security-Auditing
Event ID:      4655
Task Category: Audit IPsec Main Mode
Level:         Information
Keywords:      Audit Success
User:          N/A
Computer:      DC01.corp.local
Description:
An IPsec Main Mode security association ended.

Local Endpoint:
	Local Principal Name:		-
	Local Address:			10.20.10.5
	Local Port:			500

Remote Endpoint:
	Remote Principal Name:		-
	Remote Address:			10.20.40.142
	Remote Port:			500

IKE/AuthIP Information:
	Authentication Method:		Preshared key
	Diffie-Hellman Group:		2 (1024 bit MODP)
	Encryption Algorithm:		AES-128
	Integrity Algorithm:		SHA1",,,illustrative,,,
4656,Security,Microsoft-Windows-Security-Auditing,Object Access,Audit Handle Manipulation,A handle to an object was requested.,"Log Name:      Security
Source:        Microsoft-Windows-Security-Auditing
Event ID:      4656
Task Category: Audit Handle Manipulation
Level:         Information
Keywords:      Audit Success
User:          N/A
Computer:      DC01.corp.local
Description:
A handle to an object was requested.

Subject:
	Security ID:		S-1-5-21-3623811015-3361044348-30300820-1231
	Account Name:		j.doe
	Account Domain:		CORP
	Logon ID:		0x3E7F21

Object:
	Object Server:		Security
	Object Type:		File
	Object Name:		D:\Shares\Finance\Q3-Budget.xlsx
	Handle ID:		0x1b34

Process Information:
	Process ID:		0x8f0
	Process Name:		C:\Windows\explorer.exe

Access Request Information:
	Accesses:		READ_CONTROL
				ReadData (or ListDirectory)",,Audit Removable Storage,illustrative,T1003; T1005; T1011; T1012; T1018; T1020; T1025; T1039; T1041; T1048; T1052; T1055; T1074; T1087; T1091; T1114; T1119; T1185; T1187; T1217; T1539; T1552; T1555; T1556; T1558; T1567; T1003.001; T1003.002; T1003.003; T1003.004; T1003.007; T1003.008; T1011.001; T1048.001; T1048.002; T1048.003; T1052.001; T1055.001; T1055.002; T1055.003; T1055.004; T1055.005; T1055.008; T1055.012; T1074.001; T1074.002; T1087.001; T1114.001; T1552.001; T1552.002; T1552.003; T1552.004; T1552.006; T1552.007; T1555.001; T1555.002; T1555.003; T1555.004; T1555.005; T1556.001; T1567.001; T1567.002; T1614.001,Yes,
4656,Security,Microsoft Windows Security Auditing,Removable Media / Device (PNP),Removable Storage device.,Failure read or write to removeable media,"Log Name:      Security
Source:        Microsoft-Windows-Security-Auditing
Event ID:      4656
Task Category: Removable Storage device.
Level:         Information
Computer:      WKS-0142.corp.local
Description:
A handle to object \Device\HarddiskVolume7\ (Removable Storage) was requested by CORP\j.doe; access denied.

Subject:
	Security ID:		S-1-5-21-3623811015-3361044348-30300820-1231
	Account Name:		j.doe
	Account Domain:		CORP
	Logon ID:		0x3E7F21",,Audit Removable Storage,illustrative,T1003; T1005; T1011; T1012; T1018; T1020; T1025; T1039; T1041; T1048; T1052; T1055; T1074; T1087; T1091; T1114; T1119; T1185; T1187; T1217; T1539; T1552; T1555; T1556; T1558; T1567; T1003.001; T1003.002; T1003.003; T1003.004; T1003.007; T1003.008; T1011.001; T1048.001; T1048.002; T1048.003; T1052.001; T1055.001; T1055.002; T1055.003; T1055.004; T1055.005; T1055.008; T1055.012; T1074.001; T1074.002; T1087.001; T1114.001; T1552.001; T1552.002; T1552.003; T1552.004; T1552.006; T1552.007; T1555.001; T1555.002; T1555.003; T1555.004; T1555.005; T1556.001; T1567.001; T1567.002; T1614.001,Yes,
4657,Security,Microsoft-Windows-Security-Auditing,Object Access,Audit Registry,A registry value was modified.,"Log Name:      Security
Source:        Microsoft-Windows-Security-Auditing
Event ID:      4657
Task Category: Audit Registry
Level:         Information
Keywords:      Audit Success
User:          N/A
Computer:      DC01.corp.local
Description:
A registry value was modified.

Subject:
	Security ID:		S-1-5-21-3623811015-3361044348-30300820-1105
	Account Name:		admin.jsmith
	Account Domain:		CORP
	Logon ID:		0x3E7F21

Object:
	Object Name:		\REGISTRY\MACHINE\SOFTWARE\Policies\Microsoft\Windows\EventLog\Security
	Object Value Name:	MaxSize

Process Information:
	Process ID:		0x3d8
	Process Name:		C:\Windows\regedit.exe",,,illustrative,T1056; T1070; T1111; T1112; T1137; T1218; T1489; T1490; T1543; T1546; T1547; T1548; T1553; T1556; T1557; T1562; T1564; T1569; T1574; T1056.001; T1137.001; T1137.002; T1137.006; T1218.002; T1543.003; T1546.001; T1546.002; T1546.007; T1546.008; T1546.009; T1546.010; T1546.011; T1546.012; T1546.015; T1547.001; T1547.002; T1547.003; T1547.004; T1547.005; T1547.010; T1547.012; T1547.014; T1548.002; T1553.003; T1553.004; T1553.006; T1556.002; T1557.001; T1562.001; T1562.004; T1562.006; T1562.009; T1564.002; T1564.005; T1564.006; T1569.002; T1574.011; T1574.012,,
4658,Security,Microsoft-Windows-Security-Auditing,Object Access,Audit Handle Manipulation,The handle to an object was closed.,"Log Name:      Security
Source:        Microsoft-Windows-Security-Auditing
Event ID:      4658
Task Category: Audit Handle Manipulation
Level:         Information
Keywords:      Audit Success
User:          N/A
Computer:      DC01.corp.local
Description:
The handle to an object was closed.

Subject:
	Security ID:		S-1-5-21-3623811015-3361044348-30300820-1231
	Account Name:		j.doe
	Account Domain:		CORP
	Logon ID:		0x3E7F21

Object:
	Object Server:		Security
	Object Type:		File
	Object Name:		D:\Shares\Finance\Q3-Budget.xlsx
	Handle ID:		0x1b34

Process Information:
	Process ID:		0x8f0
	Process Name:		C:\Windows\explorer.exe

Access Request Information:
	Accesses:		READ_CONTROL
				ReadData (or ListDirectory)",,,illustrative,,Yes,
4659,Security,Microsoft-Windows-Security-Auditing,Object Access,Audit Kernel Object,A handle to an object was requested with intent to delete.,"Log Name:      Security
Source:        Microsoft-Windows-Security-Auditing
Event ID:      4659
Task Category: Audit Kernel Object
Level:         Information
Keywords:      Audit Success
User:          N/A
Computer:      DC01.corp.local
Description:
A handle to an object was requested with intent to delete.

Subject:
	Security ID:		S-1-5-21-3623811015-3361044348-30300820-1231
	Account Name:		j.doe
	Account Domain:		CORP
	Logon ID:		0x3E7F21

Object:
	Object Server:		Security
	Object Type:		File
	Object Name:		D:\Shares\Finance\Q3-Budget.xlsx
	Handle ID:		0x1b34

Process Information:
	Process ID:		0x8f0
	Process Name:		C:\Windows\explorer.exe

Access Request Information:
	Accesses:		READ_CONTROL
				ReadData (or ListDirectory)",,,illustrative,,,
4659,Security,Microsoft-Windows-Security-Auditing,Object Access,Audit SAM,A handle to an object was requested with intent to delete.,"Log Name:      Security
Source:        Microsoft-Windows-Security-Auditing
Event ID:      4659
Task Category: Audit SAM
Level:         Information
Keywords:      Audit Success
User:          N/A
Computer:      DC01.corp.local
Description:
A handle to an object was requested with intent to delete.

Subject:
	Security ID:		S-1-5-21-3623811015-3361044348-30300820-1231
	Account Name:		j.doe
	Account Domain:		CORP
	Logon ID:		0x3E7F21

Object:
	Object Server:		Security
	Object Type:		File
	Object Name:		D:\Shares\Finance\Q3-Budget.xlsx
	Handle ID:		0x1b34

Process Information:
	Process ID:		0x8f0
	Process Name:		C:\Windows\explorer.exe

Access Request Information:
	Accesses:		READ_CONTROL
				ReadData (or ListDirectory)",,,illustrative,,,
4660,Security,Microsoft-Windows-Security-Auditing,Object Access,Audit Kernel Object,An object was deleted.,"Log Name:      Security
Source:        Microsoft-Windows-Security-Auditing
Event ID:      4660
Task Category: Audit Kernel Object
Level:         Information
Keywords:      Audit Success
User:          N/A
Computer:      DC01.corp.local
Description:
An object was deleted.

Subject:
	Security ID:		S-1-5-21-3623811015-3361044348-30300820-1231
	Account Name:		j.doe
	Account Domain:		CORP
	Logon ID:		0x3E7F21

Object:
	Object Server:		Security
	Object Type:		File
	Object Name:		D:\Shares\Finance\Q3-Budget.xlsx
	Handle ID:		0x1b34

Process Information:
	Process ID:		0x8f0
	Process Name:		C:\Windows\explorer.exe

Access Request Information:
	Accesses:		READ_CONTROL
				ReadData (or ListDirectory)",,,illustrative,T1070; T1112; T1485; T1490; T1554; T1562; T1565; T1070.002; T1070.003; T1070.004; T1562.001; T1565.001; T1565.003,,
4660,Security,Microsoft-Windows-Security-Auditing,Object Access,Audit SAM,An object was deleted.,"Log Name:      Security
Source:        Microsoft-Windows-Security-Auditing
Event ID:      4660
Task Category: Audit SAM
Level:         Information
Keywords:      Audit Success
User:          N/A
Computer:      DC01.corp.local
Description:
An object was deleted.

Subject:
	Security ID:		S-1-5-21-3623811015-3361044348-30300820-1231
	Account Name:		j.doe
	Account Domain:		CORP
	Logon ID:		0x3E7F21

Object:
	Object Server:		Security
	Object Type:		File
	Object Name:		D:\Shares\Finance\Q3-Budget.xlsx
	Handle ID:		0x1b34

Process Information:
	Process ID:		0x8f0
	Process Name:		C:\Windows\explorer.exe

Access Request Information:
	Accesses:		READ_CONTROL
				ReadData (or ListDirectory)",,,illustrative,T1070; T1112; T1485; T1490; T1554; T1562; T1565; T1070.002; T1070.003; T1070.004; T1562.001; T1565.001; T1565.003,,
4661,Security,Microsoft-Windows-Security-Auditing,Object Access,Audit Kernel Object,A handle to an object was requested.,"Log Name:      Security
Source:        Microsoft-Windows-Security-Auditing
Event ID:      4661
Task Category: Audit Kernel Object
Level:         Information
Keywords:      Audit Success
User:          N/A
Computer:      DC01.corp.local
Description:
A handle to an object was requested.

Subject:
	Security ID:		S-1-5-21-3623811015-3361044348-30300820-1231
	Account Name:		j.doe
	Account Domain:		CORP
	Logon ID:		0x3E7F21

Object:
	Object Server:		Security
	Object Type:		File
	Object Name:		D:\Shares\Finance\Q3-Budget.xlsx
	Handle ID:		0x1b34

Process Information:
	Process ID:		0x8f0
	Process Name:		C:\Windows\explorer.exe

Access Request Information:
	Accesses:		READ_CONTROL
				ReadData (or ListDirectory)",,,illustrative,T1003; T1005; T1011; T1018; T1020; T1025; T1039; T1041; T1048; T1052; T1074; T1087; T1091; T1114; T1119; T1187; T1217; T1539; T1552; T1555; T1558; T1567; T1615; T1003.002; T1003.003; T1003.006; T1003.007; T1003.008; T1011.001; T1048.001; T1048.002; T1048.003; T1052.001; T1074.001; T1074.002; T1087.001; T1114.001; T1552.001; T1552.003; T1552.004; T1552.006; T1552.007; T1555.001; T1555.003; T1555.004; T1555.005; T1567.001; T1567.002,Yes,
4661,Security,Microsoft-Windows-Security-Auditing,Object Access,Audit SAM,A handle to an object was requested.,"Log Name:      Security
Source:        Microsoft-Windows-Security-Auditing
Event ID:      4661
Task Category: Audit SAM
Level:         Information
Keywords:      Audit Success
User:          N/A
Computer:      DC01.corp.local
Description:
A handle to an object was requested.

Subject:
	Security ID:		S-1-5-21-3623811015-3361044348-30300820-1231
	Account Name:		j.doe
	Account Domain:		CORP
	Logon ID:		0x3E7F21

Object:
	Object Server:		Security
	Object Type:		File
	Object Name:		D:\Shares\Finance\Q3-Budget.xlsx
	Handle ID:		0x1b34

Process Information:
	Process ID:		0x8f0
	Process Name:		C:\Windows\explorer.exe

Access Request Information:
	Accesses:		READ_CONTROL
				ReadData (or ListDirectory)",,,illustrative,T1003; T1005; T1011; T1018; T1020; T1025; T1039; T1041; T1048; T1052; T1074; T1087; T1091; T1114; T1119; T1187; T1217; T1539; T1552; T1555; T1558; T1567; T1615; T1003.002; T1003.003; T1003.006; T1003.007; T1003.008; T1011.001; T1048.001; T1048.002; T1048.003; T1052.001; T1074.001; T1074.002; T1087.001; T1114.001; T1552.001; T1552.003; T1552.004; T1552.006; T1552.007; T1555.001; T1555.003; T1555.004; T1555.005; T1567.001; T1567.002,Yes,
4662,Security,Microsoft-Windows-Security-Auditing,DS Access,Audit Directory Service Access,An operation was performed on an object.,"Log Name:      Security
